#
# A fatal error has been detected by the Java Runtime Environment:
#
#  Internal Error (generateOopMap.cpp:2164), pid=15322, tid=15334
#  fatal error: Illegal class file encountered. Try running with -Xverify:all in method check
#
# JRE version: OpenJDK Runtime Environment (11.0+28) (build 11+28-Ubuntu-3ubuntu2)
# Java VM: OpenJDK 64-Bit Server VM (11+28-Ubuntu-3ubuntu2, mixed mode, sharing, tiered, compressed oops, g1 gc, linux-amd64)
# Core dump will be written. Default location: Core dumps may be processed with "/usr/share/apport/apport %p %s %c %d %P" (or dumping to /home/sutter/Documents/CSC 221/Homework 6/core.15322)
#
# If you would like to submit a bug report, please visit:
#   http://bugreport.java.com/bugreport/crash.jsp
#

---------------  S U M M A R Y ------------

Command Line: -agentlib:jdwp=transport=dt_socket,suspend=y,address=localhost:44141 -javaagent:/home/sutter/.eclipse/360744347_linux_gtk_x86_64/configuration/org.eclipse.osgi/232/0/.cp/lib/javaagent-shaded.jar -Dfile.encoding=UTF-8 TestAutoPlayer

Host: Intel(R) Core(TM) m7-6Y75 CPU @ 1.20GHz, 4 cores, 15G, Ubuntu 18.10
Time: Thu Oct 25 14:47:58 2018 EDT elapsed time: 270 seconds (0d 0h 4m 30s)

---------------  T H R E A D  ---------------

Current thread (0x00007ff4a8219800):  VMThread "VM Thread" [stack: 0x00007ff480528000,0x00007ff480628000] [id=15334]

Stack: [0x00007ff480528000,0x00007ff480628000],  sp=0x00007ff480625ef0,  free space=1015k
Native frames: (J=compiled Java code, A=aot compiled Java code, j=interpreted, Vv=VM code, C=native code)
V  [libjvm.so+0xd535ee]
V  [libjvm.so+0xd541ef]
V  [libjvm.so+0x658638]
V  [libjvm.so+0x7a73fa]
V  [libjvm.so+0x7a749b]
V  [libjvm.so+0x7acf90]
V  [libjvm.so+0x7ae4ec]
V  [libjvm.so+0x7ae7b9]
V  [libjvm.so+0xb4ea44]
V  [libjvm.so+0xb4f88b]
V  [libjvm.so+0xb4fd07]
V  [libjvm.so+0xaf347e]
V  [libjvm.so+0x99ad3c]
V  [libjvm.so+0xd65be8]
V  [libjvm.so+0xd64517]
V  [libjvm.so+0xd64b8e]
V  [libjvm.so+0xd64dfb]
V  [libjvm.so+0xb65b90]

VM_Operation (0x00007ff47308d940): GetOrSetLocal, mode: safepoint, requested by thread 0x00007ff4a8279000


---------------  P R O C E S S  ---------------

Threads class SMR info:
_java_thread_list=0x00007ff430042230, length=12, elements={
0x00007ff4a8014000, 0x00007ff4a821c800, 0x00007ff4a821e800, 0x00007ff4a8224000,
0x00007ff4a8226000, 0x00007ff4a8228000, 0x00007ff4a822a000, 0x00007ff4a8238000,
0x00007ff4a8279000, 0x00007ff4a827d000, 0x00007ff44c001800, 0x00007ff4a8314800
}

Java Threads: ( => current thread )
  0x00007ff4a8014000 JavaThread "main" [_thread_blocked, id=15328, stack(0x00007ff4ac12b000,0x00007ff4ac22c000)]
  0x00007ff4a821c800 JavaThread "Reference Handler" daemon [_thread_blocked, id=15335, stack(0x00007ff480425000,0x00007ff480526000)]
  0x00007ff4a821e800 JavaThread "Finalizer" daemon [_thread_blocked, id=15336, stack(0x00007ff480324000,0x00007ff480425000)]
  0x00007ff4a8224000 JavaThread "Signal Dispatcher" daemon [_thread_blocked, id=15337, stack(0x00007ff480223000,0x00007ff480324000)]
  0x00007ff4a8226000 JavaThread "C2 CompilerThread0" daemon [_thread_blocked, id=15338, stack(0x00007ff480122000,0x00007ff480223000)]
  0x00007ff4a8228000 JavaThread "C1 CompilerThread0" daemon [_thread_blocked, id=15339, stack(0x00007ff480021000,0x00007ff480122000)]
  0x00007ff4a822a000 JavaThread "Sweeper thread" daemon [_thread_blocked, id=15340, stack(0x00007ff473190000,0x00007ff473291000)]
  0x00007ff4a8238000 JavaThread "Common-Cleaner" daemon [_thread_blocked, id=15341, stack(0x00007ff47308f000,0x00007ff473190000)]
  0x00007ff4a8279000 JavaThread "JDWP Transport Listener: dt_socket" daemon [_thread_blocked, id=15344, stack(0x00007ff472f8e000,0x00007ff47308f000)] _threads_hazard_ptr=0x00007ff430042230
  0x00007ff4a827d000 JavaThread "JDWP Event Helper Thread" daemon [_thread_blocked, id=15347, stack(0x00007ff472e8d000,0x00007ff472f8e000)]
  0x00007ff44c001800 JavaThread "JDWP Command Reader" daemon [_thread_in_native, id=15348, stack(0x00007ff472d8c000,0x00007ff472e8d000)]
  0x00007ff4a8314800 JavaThread "Service Thread" daemon [_thread_blocked, id=15351, stack(0x00007ff472c8b000,0x00007ff472d8c000)]

Other Threads:
=>0x00007ff4a8219800 VMThread "VM Thread" [stack: 0x00007ff480528000,0x00007ff480628000] [id=15334]
  0x00007ff4a831a800 WatcherThread [stack: 0x00007ff472b8b000,0x00007ff472c8b000] [id=15352]
  0x00007ff4a802a000 GCTaskThread "GC Thread#0" [stack: 0x00007ff4906b7000,0x00007ff4907b7000] [id=15329]
  0x00007ff468001000 GCTaskThread "GC Thread#1" [stack: 0x00007ff472988000,0x00007ff472a88000] [id=15355]
  0x00007ff468003000 GCTaskThread "GC Thread#2" [stack: 0x00007ff472886000,0x00007ff472986000] [id=15356]
  0x00007ff468004800 GCTaskThread "GC Thread#3" [stack: 0x00007ff472784000,0x00007ff472884000] [id=15357]
  0x00007ff4a8087800 ConcurrentGCThread "G1 Main Marker" [stack: 0x00007ff49012d000,0x00007ff49022d000] [id=15330]
  0x00007ff4a8089000 ConcurrentGCThread "G1 Conc#0" [stack: 0x00007ff49002b000,0x00007ff49012b000] [id=15331]
  0x00007ff4a8176800 ConcurrentGCThread "G1 Refine#0" [stack: 0x00007ff480808000,0x00007ff480908000] [id=15332]
  0x00007ff478001000 ConcurrentGCThread "G1 Refine#1" [stack: 0x00007ff472682000,0x00007ff472782000] [id=15358]
  0x00007ff420001000 ConcurrentGCThread "G1 Refine#2" [stack: 0x00007ff472580000,0x00007ff472680000] [id=15359]
  0x00007ff4a8178000 ConcurrentGCThread "G1 Young RemSet Sampling" [stack: 0x00007ff480706000,0x00007ff480806000] [id=15333]

Threads with active compile tasks:

VM state:at safepoint (normal execution)

VM Mutex/Monitor currently owned by a thread:  ([mutex/lock_event])
[0x00007ff4a800ff70] Threads_lock - owner thread: 0x00007ff4a8219800

Heap address: 0x0000000708800000, size: 3960 MB, Compressed Oops mode: Zero based, Oop shift amount: 3
Narrow klass base: 0x0000000800000000, Narrow klass shift: 3
Compressed class space size: 1073741824 Address: 0x0000000840000000

Heap:
 garbage-first heap   total 256000K, used 31634K [0x0000000708800000, 0x0000000800000000)
  region size 1024K, 11 young (11264K), 3 survivors (3072K)
 Metaspace       used 2763K, capacity 4759K, committed 4864K, reserved 1056768K
  class space    used 256K, capacity 458K, committed 512K, reserved 1048576K
Heap Regions: E=young(eden), S=young(survivor), O=old, HS=humongous(starts), HC=humongous(continues), CS=collection set, F=free, A=archive, TAMS=top-at-mark-start (previous, next)
|   0|0x0000000708800000, 0x0000000708900000, 0x0000000708900000|100%| O|  |TAMS 0x0000000708800000, 0x0000000708800000| Untracked 
|   1|0x0000000708900000, 0x0000000708a00000, 0x0000000708a00000|100%| O|  |TAMS 0x0000000708900000, 0x0000000708900000| Untracked 
|   2|0x0000000708a00000, 0x0000000708b00000, 0x0000000708b00000|100%| O|  |TAMS 0x0000000708a00000, 0x0000000708a00000| Untracked 
|   3|0x0000000708b00000, 0x0000000708c00000, 0x0000000708c00000|100%| O|  |TAMS 0x0000000708b00000, 0x0000000708b00000| Untracked 
|   4|0x0000000708c00000, 0x0000000708d00000, 0x0000000708d00000|100%| O|  |TAMS 0x0000000708c00000, 0x0000000708c00000| Untracked 
|   5|0x0000000708d00000, 0x0000000708e00000, 0x0000000708e00000|100%| O|  |TAMS 0x0000000708d00000, 0x0000000708d00000| Untracked 
|   6|0x0000000708e00000, 0x0000000708f00000, 0x0000000708f00000|100%| O|  |TAMS 0x0000000708e00000, 0x0000000708e00000| Untracked 
|   7|0x0000000708f00000, 0x0000000709000000, 0x0000000709000000|100%| O|  |TAMS 0x0000000708f00000, 0x0000000708f00000| Untracked 
|   8|0x0000000709000000, 0x0000000709100000, 0x0000000709100000|100%| O|  |TAMS 0x0000000709000000, 0x0000000709000000| Untracked 
|   9|0x0000000709100000, 0x0000000709200000, 0x0000000709200000|100%| O|  |TAMS 0x0000000709100000, 0x0000000709100000| Untracked 
|  10|0x0000000709200000, 0x0000000709300000, 0x0000000709300000|100%| O|  |TAMS 0x0000000709200000, 0x0000000709200000| Untracked 
|  11|0x0000000709300000, 0x0000000709400000, 0x0000000709400000|100%| O|  |TAMS 0x0000000709300000, 0x0000000709300000| Untracked 
|  12|0x0000000709400000, 0x0000000709500000, 0x0000000709500000|100%| O|  |TAMS 0x0000000709400000, 0x0000000709400000| Untracked 
|  13|0x0000000709500000, 0x0000000709600000, 0x0000000709600000|100%| O|  |TAMS 0x0000000709500000, 0x0000000709500000| Untracked 
|  14|0x0000000709600000, 0x0000000709700000, 0x0000000709700000|100%| O|  |TAMS 0x0000000709600000, 0x0000000709600000| Untracked 
|  15|0x0000000709700000, 0x0000000709800000, 0x0000000709800000|100%| O|  |TAMS 0x0000000709700000, 0x0000000709700000| Untracked 
|  16|0x0000000709800000, 0x0000000709900000, 0x0000000709900000|100%| O|  |TAMS 0x0000000709800000, 0x0000000709800000| Untracked 
|  17|0x0000000709900000, 0x0000000709a00000, 0x0000000709a00000|100%| O|  |TAMS 0x0000000709900000, 0x0000000709900000| Untracked 
|  18|0x0000000709a00000, 0x0000000709b00000, 0x0000000709b00000|100%| O|  |TAMS 0x0000000709a00000, 0x0000000709a00000| Untracked 
|  19|0x0000000709b00000, 0x0000000709c00000, 0x0000000709c00000|100%| O|  |TAMS 0x0000000709b00000, 0x0000000709b00000| Untracked 
|  20|0x0000000709c00000, 0x0000000709c45a00, 0x0000000709d00000| 27%| O|  |TAMS 0x0000000709c00000, 0x0000000709c00000| Untracked 
|  21|0x0000000709d00000, 0x0000000709d00000, 0x0000000709e00000|  0%| F|  |TAMS 0x0000000709d00000, 0x0000000709d00000| Untracked 
|  22|0x0000000709e00000, 0x0000000709e00000, 0x0000000709f00000|  0%| F|  |TAMS 0x0000000709e00000, 0x0000000709e00000| Untracked 
|  23|0x0000000709f00000, 0x0000000709f00000, 0x000000070a000000|  0%| F|  |TAMS 0x0000000709f00000, 0x0000000709f00000| Untracked 
|  24|0x000000070a000000, 0x000000070a000000, 0x000000070a100000|  0%| F|  |TAMS 0x000000070a000000, 0x000000070a000000| Untracked 
|  25|0x000000070a100000, 0x000000070a100000, 0x000000070a200000|  0%| F|  |TAMS 0x000000070a100000, 0x000000070a100000| Untracked 
|  26|0x000000070a200000, 0x000000070a200000, 0x000000070a300000|  0%| F|  |TAMS 0x000000070a200000, 0x000000070a200000| Untracked 
|  27|0x000000070a300000, 0x000000070a300000, 0x000000070a400000|  0%| F|  |TAMS 0x000000070a300000, 0x000000070a300000| Untracked 
|  28|0x000000070a400000, 0x000000070a400000, 0x000000070a500000|  0%| F|  |TAMS 0x000000070a400000, 0x000000070a400000| Untracked 
|  29|0x000000070a500000, 0x000000070a500000, 0x000000070a600000|  0%| F|  |TAMS 0x000000070a500000, 0x000000070a500000| Untracked 
|  30|0x000000070a600000, 0x000000070a600000, 0x000000070a700000|  0%| F|  |TAMS 0x000000070a600000, 0x000000070a600000| Untracked 
|  31|0x000000070a700000, 0x000000070a700000, 0x000000070a800000|  0%| F|  |TAMS 0x000000070a700000, 0x000000070a700000| Untracked 
|  32|0x000000070a800000, 0x000000070a800000, 0x000000070a900000|  0%| F|  |TAMS 0x000000070a800000, 0x000000070a800000| Untracked 
|  33|0x000000070a900000, 0x000000070a900000, 0x000000070aa00000|  0%| F|  |TAMS 0x000000070a900000, 0x000000070a900000| Untracked 
|  34|0x000000070aa00000, 0x000000070aa00000, 0x000000070ab00000|  0%| F|  |TAMS 0x000000070aa00000, 0x000000070aa00000| Untracked 
|  35|0x000000070ab00000, 0x000000070ab00000, 0x000000070ac00000|  0%| F|  |TAMS 0x000000070ab00000, 0x000000070ab00000| Untracked 
|  36|0x000000070ac00000, 0x000000070ac00000, 0x000000070ad00000|  0%| F|  |TAMS 0x000000070ac00000, 0x000000070ac00000| Untracked 
|  37|0x000000070ad00000, 0x000000070ad00000, 0x000000070ae00000|  0%| F|  |TAMS 0x000000070ad00000, 0x000000070ad00000| Untracked 
|  38|0x000000070ae00000, 0x000000070ae00000, 0x000000070af00000|  0%| F|  |TAMS 0x000000070ae00000, 0x000000070ae00000| Untracked 
|  39|0x000000070af00000, 0x000000070af00000, 0x000000070b000000|  0%| F|  |TAMS 0x000000070af00000, 0x000000070af00000| Untracked 
|  40|0x000000070b000000, 0x000000070b000000, 0x000000070b100000|  0%| F|  |TAMS 0x000000070b000000, 0x000000070b000000| Untracked 
|  41|0x000000070b100000, 0x000000070b100000, 0x000000070b200000|  0%| F|  |TAMS 0x000000070b100000, 0x000000070b100000| Untracked 
|  42|0x000000070b200000, 0x000000070b200000, 0x000000070b300000|  0%| F|  |TAMS 0x000000070b200000, 0x000000070b200000| Untracked 
|  43|0x000000070b300000, 0x000000070b300000, 0x000000070b400000|  0%| F|  |TAMS 0x000000070b300000, 0x000000070b300000| Untracked 
|  44|0x000000070b400000, 0x000000070b400000, 0x000000070b500000|  0%| F|  |TAMS 0x000000070b400000, 0x000000070b400000| Untracked 
|  45|0x000000070b500000, 0x000000070b500000, 0x000000070b600000|  0%| F|  |TAMS 0x000000070b500000, 0x000000070b500000| Untracked 
|  46|0x000000070b600000, 0x000000070b600000, 0x000000070b700000|  0%| F|  |TAMS 0x000000070b600000, 0x000000070b600000| Untracked 
|  47|0x000000070b700000, 0x000000070b700000, 0x000000070b800000|  0%| F|  |TAMS 0x000000070b700000, 0x000000070b700000| Untracked 
|  48|0x000000070b800000, 0x000000070b800000, 0x000000070b900000|  0%| F|  |TAMS 0x000000070b800000, 0x000000070b800000| Untracked 
|  49|0x000000070b900000, 0x000000070b900000, 0x000000070ba00000|  0%| F|  |TAMS 0x000000070b900000, 0x000000070b900000| Untracked 
|  50|0x000000070ba00000, 0x000000070ba00000, 0x000000070bb00000|  0%| F|  |TAMS 0x000000070ba00000, 0x000000070ba00000| Untracked 
|  51|0x000000070bb00000, 0x000000070bb00000, 0x000000070bc00000|  0%| F|  |TAMS 0x000000070bb00000, 0x000000070bb00000| Untracked 
|  52|0x000000070bc00000, 0x000000070bc00000, 0x000000070bd00000|  0%| F|  |TAMS 0x000000070bc00000, 0x000000070bc00000| Untracked 
|  53|0x000000070bd00000, 0x000000070bd00000, 0x000000070be00000|  0%| F|  |TAMS 0x000000070bd00000, 0x000000070bd00000| Untracked 
|  54|0x000000070be00000, 0x000000070be00000, 0x000000070bf00000|  0%| F|  |TAMS 0x000000070be00000, 0x000000070be00000| Untracked 
|  55|0x000000070bf00000, 0x000000070bf00000, 0x000000070c000000|  0%| F|  |TAMS 0x000000070bf00000, 0x000000070bf00000| Untracked 
|  56|0x000000070c000000, 0x000000070c000000, 0x000000070c100000|  0%| F|  |TAMS 0x000000070c000000, 0x000000070c000000| Untracked 
|  57|0x000000070c100000, 0x000000070c100000, 0x000000070c200000|  0%| F|  |TAMS 0x000000070c100000, 0x000000070c100000| Untracked 
|  58|0x000000070c200000, 0x000000070c200000, 0x000000070c300000|  0%| F|  |TAMS 0x000000070c200000, 0x000000070c200000| Untracked 
|  59|0x000000070c300000, 0x000000070c300000, 0x000000070c400000|  0%| F|  |TAMS 0x000000070c300000, 0x000000070c300000| Untracked 
|  60|0x000000070c400000, 0x000000070c400000, 0x000000070c500000|  0%| F|  |TAMS 0x000000070c400000, 0x000000070c400000| Untracked 
|  61|0x000000070c500000, 0x000000070c500000, 0x000000070c600000|  0%| F|  |TAMS 0x000000070c500000, 0x000000070c500000| Untracked 
|  62|0x000000070c600000, 0x000000070c600000, 0x000000070c700000|  0%| F|  |TAMS 0x000000070c600000, 0x000000070c600000| Untracked 
|  63|0x000000070c700000, 0x000000070c700000, 0x000000070c800000|  0%| F|  |TAMS 0x000000070c700000, 0x000000070c700000| Untracked 
|  64|0x000000070c800000, 0x000000070c800000, 0x000000070c900000|  0%| F|  |TAMS 0x000000070c800000, 0x000000070c800000| Untracked 
|  65|0x000000070c900000, 0x000000070c900000, 0x000000070ca00000|  0%| F|  |TAMS 0x000000070c900000, 0x000000070c900000| Untracked 
|  66|0x000000070ca00000, 0x000000070ca00000, 0x000000070cb00000|  0%| F|  |TAMS 0x000000070ca00000, 0x000000070ca00000| Untracked 
|  67|0x000000070cb00000, 0x000000070cb00000, 0x000000070cc00000|  0%| F|  |TAMS 0x000000070cb00000, 0x000000070cb00000| Untracked 
|  68|0x000000070cc00000, 0x000000070cc00000, 0x000000070cd00000|  0%| F|  |TAMS 0x000000070cc00000, 0x000000070cc00000| Untracked 
|  69|0x000000070cd00000, 0x000000070cd00000, 0x000000070ce00000|  0%| F|  |TAMS 0x000000070cd00000, 0x000000070cd00000| Untracked 
|  70|0x000000070ce00000, 0x000000070ce00000, 0x000000070cf00000|  0%| F|  |TAMS 0x000000070ce00000, 0x000000070ce00000| Untracked 
|  71|0x000000070cf00000, 0x000000070cf00000, 0x000000070d000000|  0%| F|  |TAMS 0x000000070cf00000, 0x000000070cf00000| Untracked 
|  72|0x000000070d000000, 0x000000070d000000, 0x000000070d100000|  0%| F|  |TAMS 0x000000070d000000, 0x000000070d000000| Untracked 
|  73|0x000000070d100000, 0x000000070d100000, 0x000000070d200000|  0%| F|  |TAMS 0x000000070d100000, 0x000000070d100000| Untracked 
|  74|0x000000070d200000, 0x000000070d200000, 0x000000070d300000|  0%| F|  |TAMS 0x000000070d200000, 0x000000070d200000| Untracked 
|  75|0x000000070d300000, 0x000000070d300000, 0x000000070d400000|  0%| F|  |TAMS 0x000000070d300000, 0x000000070d300000| Untracked 
|  76|0x000000070d400000, 0x000000070d400000, 0x000000070d500000|  0%| F|  |TAMS 0x000000070d400000, 0x000000070d400000| Untracked 
|  77|0x000000070d500000, 0x000000070d500000, 0x000000070d600000|  0%| F|  |TAMS 0x000000070d500000, 0x000000070d500000| Untracked 
|  78|0x000000070d600000, 0x000000070d600000, 0x000000070d700000|  0%| F|  |TAMS 0x000000070d600000, 0x000000070d600000| Untracked 
|  79|0x000000070d700000, 0x000000070d700000, 0x000000070d800000|  0%| F|  |TAMS 0x000000070d700000, 0x000000070d700000| Untracked 
|  80|0x000000070d800000, 0x000000070d800000, 0x000000070d900000|  0%| F|  |TAMS 0x000000070d800000, 0x000000070d800000| Untracked 
|  81|0x000000070d900000, 0x000000070d900000, 0x000000070da00000|  0%| F|  |TAMS 0x000000070d900000, 0x000000070d900000| Untracked 
|  82|0x000000070da00000, 0x000000070da00000, 0x000000070db00000|  0%| F|  |TAMS 0x000000070da00000, 0x000000070da00000| Untracked 
|  83|0x000000070db00000, 0x000000070db00000, 0x000000070dc00000|  0%| F|  |TAMS 0x000000070db00000, 0x000000070db00000| Untracked 
|  84|0x000000070dc00000, 0x000000070dc00000, 0x000000070dd00000|  0%| F|  |TAMS 0x000000070dc00000, 0x000000070dc00000| Untracked 
|  85|0x000000070dd00000, 0x000000070dd00000, 0x000000070de00000|  0%| F|  |TAMS 0x000000070dd00000, 0x000000070dd00000| Untracked 
|  86|0x000000070de00000, 0x000000070de00000, 0x000000070df00000|  0%| F|  |TAMS 0x000000070de00000, 0x000000070de00000| Untracked 
|  87|0x000000070df00000, 0x000000070df00000, 0x000000070e000000|  0%| F|  |TAMS 0x000000070df00000, 0x000000070df00000| Untracked 
|  88|0x000000070e000000, 0x000000070e000000, 0x000000070e100000|  0%| F|  |TAMS 0x000000070e000000, 0x000000070e000000| Untracked 
|  89|0x000000070e100000, 0x000000070e100000, 0x000000070e200000|  0%| F|  |TAMS 0x000000070e100000, 0x000000070e100000| Untracked 
|  90|0x000000070e200000, 0x000000070e200000, 0x000000070e300000|  0%| F|  |TAMS 0x000000070e200000, 0x000000070e200000| Untracked 
|  91|0x000000070e300000, 0x000000070e300000, 0x000000070e400000|  0%| F|  |TAMS 0x000000070e300000, 0x000000070e300000| Untracked 
|  92|0x000000070e400000, 0x000000070e400000, 0x000000070e500000|  0%| F|  |TAMS 0x000000070e400000, 0x000000070e400000| Untracked 
|  93|0x000000070e500000, 0x000000070e500000, 0x000000070e600000|  0%| F|  |TAMS 0x000000070e500000, 0x000000070e500000| Untracked 
|  94|0x000000070e600000, 0x000000070e600000, 0x000000070e700000|  0%| F|  |TAMS 0x000000070e600000, 0x000000070e600000| Untracked 
|  95|0x000000070e700000, 0x000000070e700000, 0x000000070e800000|  0%| F|  |TAMS 0x000000070e700000, 0x000000070e700000| Untracked 
|  96|0x000000070e800000, 0x000000070e800000, 0x000000070e900000|  0%| F|  |TAMS 0x000000070e800000, 0x000000070e800000| Untracked 
|  97|0x000000070e900000, 0x000000070e900000, 0x000000070ea00000|  0%| F|  |TAMS 0x000000070e900000, 0x000000070e900000| Untracked 
|  98|0x000000070ea00000, 0x000000070ea00000, 0x000000070eb00000|  0%| F|  |TAMS 0x000000070ea00000, 0x000000070ea00000| Untracked 
|  99|0x000000070eb00000, 0x000000070eb00000, 0x000000070ec00000|  0%| F|  |TAMS 0x000000070eb00000, 0x000000070eb00000| Untracked 
| 100|0x000000070ec00000, 0x000000070ec00000, 0x000000070ed00000|  0%| F|  |TAMS 0x000000070ec00000, 0x000000070ec00000| Untracked 
| 101|0x000000070ed00000, 0x000000070ed00000, 0x000000070ee00000|  0%| F|  |TAMS 0x000000070ed00000, 0x000000070ed00000| Untracked 
| 102|0x000000070ee00000, 0x000000070ee00000, 0x000000070ef00000|  0%| F|  |TAMS 0x000000070ee00000, 0x000000070ee00000| Untracked 
| 103|0x000000070ef00000, 0x000000070ef00000, 0x000000070f000000|  0%| F|  |TAMS 0x000000070ef00000, 0x000000070ef00000| Untracked 
| 104|0x000000070f000000, 0x000000070f000000, 0x000000070f100000|  0%| F|  |TAMS 0x000000070f000000, 0x000000070f000000| Untracked 
| 105|0x000000070f100000, 0x000000070f100000, 0x000000070f200000|  0%| F|  |TAMS 0x000000070f100000, 0x000000070f100000| Untracked 
| 106|0x000000070f200000, 0x000000070f200000, 0x000000070f300000|  0%| F|  |TAMS 0x000000070f200000, 0x000000070f200000| Untracked 
| 107|0x000000070f300000, 0x000000070f300000, 0x000000070f400000|  0%| F|  |TAMS 0x000000070f300000, 0x000000070f300000| Untracked 
| 108|0x000000070f400000, 0x000000070f400000, 0x000000070f500000|  0%| F|  |TAMS 0x000000070f400000, 0x000000070f400000| Untracked 
| 109|0x000000070f500000, 0x000000070f500000, 0x000000070f600000|  0%| F|  |TAMS 0x000000070f500000, 0x000000070f500000| Untracked 
| 110|0x000000070f600000, 0x000000070f600000, 0x000000070f700000|  0%| F|  |TAMS 0x000000070f600000, 0x000000070f600000| Untracked 
| 111|0x000000070f700000, 0x000000070f700000, 0x000000070f800000|  0%| F|  |TAMS 0x000000070f700000, 0x000000070f700000| Untracked 
| 112|0x000000070f800000, 0x000000070f800000, 0x000000070f900000|  0%| F|  |TAMS 0x000000070f800000, 0x000000070f800000| Untracked 
| 113|0x000000070f900000, 0x000000070f900000, 0x000000070fa00000|  0%| F|  |TAMS 0x000000070f900000, 0x000000070f900000| Untracked 
| 114|0x000000070fa00000, 0x000000070fa00000, 0x000000070fb00000|  0%| F|  |TAMS 0x000000070fa00000, 0x000000070fa00000| Untracked 
| 115|0x000000070fb00000, 0x000000070fb00000, 0x000000070fc00000|  0%| F|  |TAMS 0x000000070fb00000, 0x000000070fb00000| Untracked 
| 116|0x000000070fc00000, 0x000000070fc00000, 0x000000070fd00000|  0%| F|  |TAMS 0x000000070fc00000, 0x000000070fc00000| Untracked 
| 117|0x000000070fd00000, 0x000000070fd00000, 0x000000070fe00000|  0%| F|  |TAMS 0x000000070fd00000, 0x000000070fd00000| Untracked 
| 118|0x000000070fe00000, 0x000000070fe00000, 0x000000070ff00000|  0%| F|  |TAMS 0x000000070fe00000, 0x000000070fe00000| Untracked 
| 119|0x000000070ff00000, 0x000000070ff00000, 0x0000000710000000|  0%| F|  |TAMS 0x000000070ff00000, 0x000000070ff00000| Untracked 
| 120|0x0000000710000000, 0x0000000710000000, 0x0000000710100000|  0%| F|  |TAMS 0x0000000710000000, 0x0000000710000000| Untracked 
| 121|0x0000000710100000, 0x0000000710100000, 0x0000000710200000|  0%| F|  |TAMS 0x0000000710100000, 0x0000000710100000| Untracked 
| 122|0x0000000710200000, 0x0000000710200000, 0x0000000710300000|  0%| F|  |TAMS 0x0000000710200000, 0x0000000710200000| Untracked 
| 123|0x0000000710300000, 0x0000000710300000, 0x0000000710400000|  0%| F|  |TAMS 0x0000000710300000, 0x0000000710300000| Untracked 
| 124|0x0000000710400000, 0x0000000710400000, 0x0000000710500000|  0%| F|  |TAMS 0x0000000710400000, 0x0000000710400000| Untracked 
| 125|0x0000000710500000, 0x0000000710500000, 0x0000000710600000|  0%| F|  |TAMS 0x0000000710500000, 0x0000000710500000| Untracked 
| 126|0x0000000710600000, 0x0000000710600000, 0x0000000710700000|  0%| F|  |TAMS 0x0000000710600000, 0x0000000710600000| Untracked 
| 127|0x0000000710700000, 0x0000000710700000, 0x0000000710800000|  0%| F|  |TAMS 0x0000000710700000, 0x0000000710700000| Untracked 
| 128|0x0000000710800000, 0x0000000710800000, 0x0000000710900000|  0%| F|  |TAMS 0x0000000710800000, 0x0000000710800000| Untracked 
| 129|0x0000000710900000, 0x0000000710900000, 0x0000000710a00000|  0%| F|  |TAMS 0x0000000710900000, 0x0000000710900000| Untracked 
| 130|0x0000000710a00000, 0x0000000710a00000, 0x0000000710b00000|  0%| F|  |TAMS 0x0000000710a00000, 0x0000000710a00000| Untracked 
| 131|0x0000000710b00000, 0x0000000710b00000, 0x0000000710c00000|  0%| F|  |TAMS 0x0000000710b00000, 0x0000000710b00000| Untracked 
| 132|0x0000000710c00000, 0x0000000710c00000, 0x0000000710d00000|  0%| F|  |TAMS 0x0000000710c00000, 0x0000000710c00000| Untracked 
| 133|0x0000000710d00000, 0x0000000710d00000, 0x0000000710e00000|  0%| F|  |TAMS 0x0000000710d00000, 0x0000000710d00000| Untracked 
| 134|0x0000000710e00000, 0x0000000710e00000, 0x0000000710f00000|  0%| F|  |TAMS 0x0000000710e00000, 0x0000000710e00000| Untracked 
| 135|0x0000000710f00000, 0x0000000710f00000, 0x0000000711000000|  0%| F|  |TAMS 0x0000000710f00000, 0x0000000710f00000| Untracked 
| 136|0x0000000711000000, 0x0000000711000000, 0x0000000711100000|  0%| F|  |TAMS 0x0000000711000000, 0x0000000711000000| Untracked 
| 137|0x0000000711100000, 0x0000000711100000, 0x0000000711200000|  0%| F|  |TAMS 0x0000000711100000, 0x0000000711100000| Untracked 
| 138|0x0000000711200000, 0x0000000711200000, 0x0000000711300000|  0%| F|  |TAMS 0x0000000711200000, 0x0000000711200000| Untracked 
| 139|0x0000000711300000, 0x0000000711300000, 0x0000000711400000|  0%| F|  |TAMS 0x0000000711300000, 0x0000000711300000| Untracked 
| 140|0x0000000711400000, 0x0000000711400000, 0x0000000711500000|  0%| F|  |TAMS 0x0000000711400000, 0x0000000711400000| Untracked 
| 141|0x0000000711500000, 0x0000000711500000, 0x0000000711600000|  0%| F|  |TAMS 0x0000000711500000, 0x0000000711500000| Untracked 
| 142|0x0000000711600000, 0x0000000711600000, 0x0000000711700000|  0%| F|  |TAMS 0x0000000711600000, 0x0000000711600000| Untracked 
| 143|0x0000000711700000, 0x0000000711700000, 0x0000000711800000|  0%| F|  |TAMS 0x0000000711700000, 0x0000000711700000| Untracked 
| 144|0x0000000711800000, 0x0000000711800000, 0x0000000711900000|  0%| F|  |TAMS 0x0000000711800000, 0x0000000711800000| Untracked 
| 145|0x0000000711900000, 0x0000000711900000, 0x0000000711a00000|  0%| F|  |TAMS 0x0000000711900000, 0x0000000711900000| Untracked 
| 146|0x0000000711a00000, 0x0000000711a00000, 0x0000000711b00000|  0%| F|  |TAMS 0x0000000711a00000, 0x0000000711a00000| Untracked 
| 147|0x0000000711b00000, 0x0000000711b00000, 0x0000000711c00000|  0%| F|  |TAMS 0x0000000711b00000, 0x0000000711b00000| Untracked 
| 148|0x0000000711c00000, 0x0000000711c00000, 0x0000000711d00000|  0%| F|  |TAMS 0x0000000711c00000, 0x0000000711c00000| Untracked 
| 149|0x0000000711d00000, 0x0000000711d00000, 0x0000000711e00000|  0%| F|  |TAMS 0x0000000711d00000, 0x0000000711d00000| Untracked 
| 150|0x0000000711e00000, 0x0000000711e00000, 0x0000000711f00000|  0%| F|  |TAMS 0x0000000711e00000, 0x0000000711e00000| Untracked 
| 151|0x0000000711f00000, 0x0000000711f00000, 0x0000000712000000|  0%| F|  |TAMS 0x0000000711f00000, 0x0000000711f00000| Untracked 
| 152|0x0000000712000000, 0x0000000712000000, 0x0000000712100000|  0%| F|  |TAMS 0x0000000712000000, 0x0000000712000000| Untracked 
| 153|0x0000000712100000, 0x0000000712100000, 0x0000000712200000|  0%| F|  |TAMS 0x0000000712100000, 0x0000000712100000| Untracked 
| 154|0x0000000712200000, 0x0000000712200000, 0x0000000712300000|  0%| F|  |TAMS 0x0000000712200000, 0x0000000712200000| Untracked 
| 155|0x0000000712300000, 0x0000000712300000, 0x0000000712400000|  0%| F|  |TAMS 0x0000000712300000, 0x0000000712300000| Untracked 
| 156|0x0000000712400000, 0x0000000712400000, 0x0000000712500000|  0%| F|  |TAMS 0x0000000712400000, 0x0000000712400000| Untracked 
| 157|0x0000000712500000, 0x0000000712500000, 0x0000000712600000|  0%| F|  |TAMS 0x0000000712500000, 0x0000000712500000| Untracked 
| 158|0x0000000712600000, 0x0000000712600000, 0x0000000712700000|  0%| F|  |TAMS 0x0000000712600000, 0x0000000712600000| Untracked 
| 159|0x0000000712700000, 0x0000000712700000, 0x0000000712800000|  0%| F|  |TAMS 0x0000000712700000, 0x0000000712700000| Untracked 
| 160|0x0000000712800000, 0x0000000712800000, 0x0000000712900000|  0%| F|  |TAMS 0x0000000712800000, 0x0000000712800000| Untracked 
| 161|0x0000000712900000, 0x0000000712900000, 0x0000000712a00000|  0%| F|  |TAMS 0x0000000712900000, 0x0000000712900000| Untracked 
| 162|0x0000000712a00000, 0x0000000712a00000, 0x0000000712b00000|  0%| F|  |TAMS 0x0000000712a00000, 0x0000000712a00000| Untracked 
| 163|0x0000000712b00000, 0x0000000712b00000, 0x0000000712c00000|  0%| F|  |TAMS 0x0000000712b00000, 0x0000000712b00000| Untracked 
| 164|0x0000000712c00000, 0x0000000712c00000, 0x0000000712d00000|  0%| F|  |TAMS 0x0000000712c00000, 0x0000000712c00000| Untracked 
| 165|0x0000000712d00000, 0x0000000712d00000, 0x0000000712e00000|  0%| F|  |TAMS 0x0000000712d00000, 0x0000000712d00000| Untracked 
| 166|0x0000000712e00000, 0x0000000712e00000, 0x0000000712f00000|  0%| F|  |TAMS 0x0000000712e00000, 0x0000000712e00000| Untracked 
| 167|0x0000000712f00000, 0x0000000712f00000, 0x0000000713000000|  0%| F|  |TAMS 0x0000000712f00000, 0x0000000712f00000| Untracked 
| 168|0x0000000713000000, 0x0000000713000000, 0x0000000713100000|  0%| F|  |TAMS 0x0000000713000000, 0x0000000713000000| Untracked 
| 169|0x0000000713100000, 0x0000000713100000, 0x0000000713200000|  0%| F|  |TAMS 0x0000000713100000, 0x0000000713100000| Untracked 
| 170|0x0000000713200000, 0x0000000713200000, 0x0000000713300000|  0%| F|  |TAMS 0x0000000713200000, 0x0000000713200000| Untracked 
| 171|0x0000000713300000, 0x0000000713300000, 0x0000000713400000|  0%| F|  |TAMS 0x0000000713300000, 0x0000000713300000| Untracked 
| 172|0x0000000713400000, 0x0000000713400000, 0x0000000713500000|  0%| F|  |TAMS 0x0000000713400000, 0x0000000713400000| Untracked 
| 173|0x0000000713500000, 0x0000000713500000, 0x0000000713600000|  0%| F|  |TAMS 0x0000000713500000, 0x0000000713500000| Untracked 
| 174|0x0000000713600000, 0x0000000713600000, 0x0000000713700000|  0%| F|  |TAMS 0x0000000713600000, 0x0000000713600000| Untracked 
| 175|0x0000000713700000, 0x0000000713700000, 0x0000000713800000|  0%| F|  |TAMS 0x0000000713700000, 0x0000000713700000| Untracked 
| 176|0x0000000713800000, 0x0000000713800000, 0x0000000713900000|  0%| F|  |TAMS 0x0000000713800000, 0x0000000713800000| Untracked 
| 177|0x0000000713900000, 0x0000000713900000, 0x0000000713a00000|  0%| F|  |TAMS 0x0000000713900000, 0x0000000713900000| Untracked 
| 178|0x0000000713a00000, 0x0000000713a00000, 0x0000000713b00000|  0%| F|  |TAMS 0x0000000713a00000, 0x0000000713a00000| Untracked 
| 179|0x0000000713b00000, 0x0000000713b00000, 0x0000000713c00000|  0%| F|  |TAMS 0x0000000713b00000, 0x0000000713b00000| Untracked 
| 180|0x0000000713c00000, 0x0000000713c00000, 0x0000000713d00000|  0%| F|  |TAMS 0x0000000713c00000, 0x0000000713c00000| Untracked 
| 181|0x0000000713d00000, 0x0000000713d00000, 0x0000000713e00000|  0%| F|  |TAMS 0x0000000713d00000, 0x0000000713d00000| Untracked 
| 182|0x0000000713e00000, 0x0000000713e00000, 0x0000000713f00000|  0%| F|  |TAMS 0x0000000713e00000, 0x0000000713e00000| Untracked 
| 183|0x0000000713f00000, 0x0000000713f00000, 0x0000000714000000|  0%| F|  |TAMS 0x0000000713f00000, 0x0000000713f00000| Untracked 
| 184|0x0000000714000000, 0x0000000714000000, 0x0000000714100000|  0%| F|  |TAMS 0x0000000714000000, 0x0000000714000000| Untracked 
| 185|0x0000000714100000, 0x0000000714100000, 0x0000000714200000|  0%| F|  |TAMS 0x0000000714100000, 0x0000000714100000| Untracked 
| 186|0x0000000714200000, 0x0000000714200000, 0x0000000714300000|  0%| F|  |TAMS 0x0000000714200000, 0x0000000714200000| Untracked 
| 187|0x0000000714300000, 0x0000000714300000, 0x0000000714400000|  0%| F|  |TAMS 0x0000000714300000, 0x0000000714300000| Untracked 
| 188|0x0000000714400000, 0x0000000714400000, 0x0000000714500000|  0%| F|  |TAMS 0x0000000714400000, 0x0000000714400000| Untracked 
| 189|0x0000000714500000, 0x0000000714500000, 0x0000000714600000|  0%| F|  |TAMS 0x0000000714500000, 0x0000000714500000| Untracked 
| 190|0x0000000714600000, 0x0000000714600000, 0x0000000714700000|  0%| F|  |TAMS 0x0000000714600000, 0x0000000714600000| Untracked 
| 191|0x0000000714700000, 0x0000000714700000, 0x0000000714800000|  0%| F|  |TAMS 0x0000000714700000, 0x0000000714700000| Untracked 
| 192|0x0000000714800000, 0x0000000714800000, 0x0000000714900000|  0%| F|  |TAMS 0x0000000714800000, 0x0000000714800000| Untracked 
| 193|0x0000000714900000, 0x0000000714900000, 0x0000000714a00000|  0%| F|  |TAMS 0x0000000714900000, 0x0000000714900000| Untracked 
| 194|0x0000000714a00000, 0x0000000714a00000, 0x0000000714b00000|  0%| F|  |TAMS 0x0000000714a00000, 0x0000000714a00000| Untracked 
| 195|0x0000000714b00000, 0x0000000714b00000, 0x0000000714c00000|  0%| F|  |TAMS 0x0000000714b00000, 0x0000000714b00000| Untracked 
| 196|0x0000000714c00000, 0x0000000714c00000, 0x0000000714d00000|  0%| F|  |TAMS 0x0000000714c00000, 0x0000000714c00000| Untracked 
| 197|0x0000000714d00000, 0x0000000714d00000, 0x0000000714e00000|  0%| F|  |TAMS 0x0000000714d00000, 0x0000000714d00000| Untracked 
| 198|0x0000000714e00000, 0x0000000714e00000, 0x0000000714f00000|  0%| F|  |TAMS 0x0000000714e00000, 0x0000000714e00000| Untracked 
| 199|0x0000000714f00000, 0x0000000714f00000, 0x0000000715000000|  0%| F|  |TAMS 0x0000000714f00000, 0x0000000714f00000| Untracked 
| 200|0x0000000715000000, 0x0000000715000000, 0x0000000715100000|  0%| F|  |TAMS 0x0000000715000000, 0x0000000715000000| Untracked 
| 201|0x0000000715100000, 0x0000000715100000, 0x0000000715200000|  0%| F|  |TAMS 0x0000000715100000, 0x0000000715100000| Untracked 
| 202|0x0000000715200000, 0x0000000715200000, 0x0000000715300000|  0%| F|  |TAMS 0x0000000715200000, 0x0000000715200000| Untracked 
| 203|0x0000000715300000, 0x0000000715300000, 0x0000000715400000|  0%| F|  |TAMS 0x0000000715300000, 0x0000000715300000| Untracked 
| 204|0x0000000715400000, 0x0000000715400000, 0x0000000715500000|  0%| F|  |TAMS 0x0000000715400000, 0x0000000715400000| Untracked 
| 205|0x0000000715500000, 0x0000000715500000, 0x0000000715600000|  0%| F|  |TAMS 0x0000000715500000, 0x0000000715500000| Untracked 
| 206|0x0000000715600000, 0x0000000715600000, 0x0000000715700000|  0%| F|  |TAMS 0x0000000715600000, 0x0000000715600000| Untracked 
| 207|0x0000000715700000, 0x0000000715700000, 0x0000000715800000|  0%| F|  |TAMS 0x0000000715700000, 0x0000000715700000| Untracked 
| 208|0x0000000715800000, 0x0000000715800000, 0x0000000715900000|  0%| F|  |TAMS 0x0000000715800000, 0x0000000715800000| Untracked 
| 209|0x0000000715900000, 0x0000000715900000, 0x0000000715a00000|  0%| F|  |TAMS 0x0000000715900000, 0x0000000715900000| Untracked 
| 210|0x0000000715a00000, 0x0000000715a00000, 0x0000000715b00000|  0%| F|  |TAMS 0x0000000715a00000, 0x0000000715a00000| Untracked 
| 211|0x0000000715b00000, 0x0000000715b00000, 0x0000000715c00000|  0%| F|  |TAMS 0x0000000715b00000, 0x0000000715b00000| Untracked 
| 212|0x0000000715c00000, 0x0000000715c00000, 0x0000000715d00000|  0%| F|  |TAMS 0x0000000715c00000, 0x0000000715c00000| Untracked 
| 213|0x0000000715d00000, 0x0000000715d00000, 0x0000000715e00000|  0%| F|  |TAMS 0x0000000715d00000, 0x0000000715d00000| Untracked 
| 214|0x0000000715e00000, 0x0000000715e00000, 0x0000000715f00000|  0%| F|  |TAMS 0x0000000715e00000, 0x0000000715e00000| Untracked 
| 215|0x0000000715f00000, 0x0000000715f00000, 0x0000000716000000|  0%| F|  |TAMS 0x0000000715f00000, 0x0000000715f00000| Untracked 
| 216|0x0000000716000000, 0x0000000716000000, 0x0000000716100000|  0%| F|  |TAMS 0x0000000716000000, 0x0000000716000000| Untracked 
| 217|0x0000000716100000, 0x0000000716100000, 0x0000000716200000|  0%| F|  |TAMS 0x0000000716100000, 0x0000000716100000| Untracked 
| 218|0x0000000716200000, 0x0000000716200000, 0x0000000716300000|  0%| F|  |TAMS 0x0000000716200000, 0x0000000716200000| Untracked 
| 219|0x0000000716300000, 0x0000000716300000, 0x0000000716400000|  0%| F|  |TAMS 0x0000000716300000, 0x0000000716300000| Untracked 
| 220|0x0000000716400000, 0x0000000716400000, 0x0000000716500000|  0%| F|  |TAMS 0x0000000716400000, 0x0000000716400000| Untracked 
| 221|0x0000000716500000, 0x0000000716500000, 0x0000000716600000|  0%| F|  |TAMS 0x0000000716500000, 0x0000000716500000| Untracked 
| 222|0x0000000716600000, 0x0000000716600000, 0x0000000716700000|  0%| F|  |TAMS 0x0000000716600000, 0x0000000716600000| Untracked 
| 223|0x0000000716700000, 0x0000000716800000, 0x0000000716800000|100%| S|CS|TAMS 0x0000000716700000, 0x0000000716700000| Complete 
| 224|0x0000000716800000, 0x0000000716900000, 0x0000000716900000|100%| S|CS|TAMS 0x0000000716800000, 0x0000000716800000| Complete 
| 225|0x0000000716900000, 0x0000000716900000, 0x0000000716a00000|  0%| F|  |TAMS 0x0000000716900000, 0x0000000716900000| Untracked 
| 226|0x0000000716a00000, 0x0000000716a00000, 0x0000000716b00000|  0%| F|  |TAMS 0x0000000716a00000, 0x0000000716a00000| Untracked 
| 227|0x0000000716b00000, 0x0000000716b00000, 0x0000000716c00000|  0%| F|  |TAMS 0x0000000716b00000, 0x0000000716b00000| Untracked 
| 228|0x0000000716c00000, 0x0000000716d00000, 0x0000000716d00000|100%| S|CS|TAMS 0x0000000716c00000, 0x0000000716c00000| Complete 
| 229|0x0000000716d00000, 0x0000000716d00000, 0x0000000716e00000|  0%| F|  |TAMS 0x0000000716d00000, 0x0000000716d00000| Untracked 
| 230|0x0000000716e00000, 0x0000000716e00000, 0x0000000716f00000|  0%| F|  |TAMS 0x0000000716e00000, 0x0000000716e00000| Untracked 
| 231|0x0000000716f00000, 0x0000000716f00000, 0x0000000717000000|  0%| F|  |TAMS 0x0000000716f00000, 0x0000000716f00000| Untracked 
| 232|0x0000000717000000, 0x0000000717000000, 0x0000000717100000|  0%| F|  |TAMS 0x0000000717000000, 0x0000000717000000| Untracked 
| 233|0x0000000717100000, 0x0000000717100000, 0x0000000717200000|  0%| F|  |TAMS 0x0000000717100000, 0x0000000717100000| Untracked 
| 234|0x0000000717200000, 0x0000000717200000, 0x0000000717300000|  0%| F|  |TAMS 0x0000000717200000, 0x0000000717200000| Untracked 
| 235|0x0000000717300000, 0x0000000717300000, 0x0000000717400000|  0%| F|  |TAMS 0x0000000717300000, 0x0000000717300000| Untracked 
| 236|0x0000000717400000, 0x0000000717400000, 0x0000000717500000|  0%| F|  |TAMS 0x0000000717400000, 0x0000000717400000| Untracked 
| 237|0x0000000717500000, 0x0000000717500000, 0x0000000717600000|  0%| F|  |TAMS 0x0000000717500000, 0x0000000717500000| Untracked 
| 238|0x0000000717600000, 0x0000000717600000, 0x0000000717700000|  0%| F|  |TAMS 0x0000000717600000, 0x0000000717600000| Untracked 
| 239|0x0000000717700000, 0x0000000717700000, 0x0000000717800000|  0%| F|  |TAMS 0x0000000717700000, 0x0000000717700000| Untracked 
| 240|0x0000000717800000, 0x0000000717900000, 0x0000000717900000|100%| E|  |TAMS 0x0000000717800000, 0x0000000717800000| Complete 
| 241|0x0000000717900000, 0x0000000717a00000, 0x0000000717a00000|100%| E|CS|TAMS 0x0000000717900000, 0x0000000717900000| Complete 
| 242|0x0000000717a00000, 0x0000000717b00000, 0x0000000717b00000|100%| E|CS|TAMS 0x0000000717a00000, 0x0000000717a00000| Complete 
| 243|0x0000000717b00000, 0x0000000717c00000, 0x0000000717c00000|100%| E|CS|TAMS 0x0000000717b00000, 0x0000000717b00000| Complete 
| 244|0x0000000717c00000, 0x0000000717d00000, 0x0000000717d00000|100%| E|CS|TAMS 0x0000000717c00000, 0x0000000717c00000| Complete 
| 245|0x0000000717d00000, 0x0000000717e00000, 0x0000000717e00000|100%| E|CS|TAMS 0x0000000717d00000, 0x0000000717d00000| Complete 
| 246|0x0000000717e00000, 0x0000000717f00000, 0x0000000717f00000|100%| E|CS|TAMS 0x0000000717e00000, 0x0000000717e00000| Complete 
| 247|0x0000000717f00000, 0x0000000718000000, 0x0000000718000000|100%| E|CS|TAMS 0x0000000717f00000, 0x0000000717f00000| Complete 
|2934|0x00000007bfe00000, 0x00000007bfe35000, 0x00000007bff00000| 20%|OA|  |TAMS 0x00000007bfe00000, 0x00000007bfe00000| Untracked 
|2935|0x00000007bff00000, 0x00000007bff6a000, 0x00000007c0000000| 41%|CA|  |TAMS 0x00000007bff00000, 0x00000007bff00000| Untracked 

Card table byte_map: [0x00007ff48b088000,0x00007ff48b844000] _byte_map_base: 0x00007ff487844000

Marking Bits (Prev, Next): (CMBitMap*) 0x00007ff4a8076f58, (CMBitMap*) 0x00007ff4a8076f90
 Prev Bits: [0x00007ff486aec000, 0x00007ff48a8cc000)
 Next Bits: [0x00007ff482d0c000, 0x00007ff486aec000)

Polling page: 0x00007ff4adafb000

Metaspace:

Usage:
  Non-class:      4.20 MB capacity,     2.45 MB ( 58%) used,     1.75 MB ( 42%) free+waste,     4.25 KB ( <1%) overhead. 
      Class:    458.00 KB capacity,   256.67 KB ( 56%) used,   198.89 KB ( 43%) free+waste,     2.44 KB ( <1%) overhead. 
       Both:      4.65 MB capacity,     2.70 MB ( 58%) used,     1.94 MB ( 42%) free+waste,     6.69 KB ( <1%) overhead. 

Virtual space:
  Non-class space:        8.00 MB reserved,       4.25 MB ( 53%) committed 
      Class space:        1.00 GB reserved,     512.00 KB ( <1%) committed 
             Both:        1.01 GB reserved,       4.75 MB ( <1%) committed 

Chunk freelists:
   Non-Class:  0 bytes
       Class:  0 bytes
        Both:  0 bytes

CodeHeap 'non-profiled nmethods': size=120032Kb used=286Kb max_used=286Kb free=119745Kb
 bounds [0x00007ff498455000, 0x00007ff4986c5000, 0x00007ff49f98d000]
CodeHeap 'profiled nmethods': size=120032Kb used=844Kb max_used=844Kb free=119188Kb
 bounds [0x00007ff490f1d000, 0x00007ff49118d000, 0x00007ff498455000]
CodeHeap 'non-nmethods': size=5696Kb used=1133Kb max_used=1159Kb free=4562Kb
 bounds [0x00007ff49098d000, 0x00007ff490bfd000, 0x00007ff490f1d000]
 total_blobs=1112 nmethods=548 adapters=284
 compilation: enabled
              stopped_count=0, restarted_count=0
 full_count=0

Compilation events (10 events):
Event: 0.910 Thread 0x00007ff4a8226000 nmethod 518 0x00007ff498494990 code [0x00007ff498494ba0, 0x00007ff498495ad8]
Event: 0.911 Thread 0x00007ff4a8226000  521       4       java.nio.HeapCharBuffer::subSequence (7 bytes)
Event: 0.917 Thread 0x00007ff4a8226000 nmethod 521 0x00007ff498496490 code [0x00007ff498496640, 0x00007ff498496a58]
Event: 0.917 Thread 0x00007ff4a8226000  522       4       java.nio.HeapCharBuffer::subSequence (57 bytes)
Event: 0.921 Thread 0x00007ff4a8226000 nmethod 522 0x00007ff498496d90 code [0x00007ff498496f40, 0x00007ff498497338]
Event: 0.921 Thread 0x00007ff4a8226000  475       4       java.lang.CharacterDataLatin1::isWhitespace (23 bytes)
Event: 0.922 Thread 0x00007ff4a8226000 nmethod 475 0x00007ff498497610 code [0x00007ff4984977a0, 0x00007ff498497878]
Event: 0.922 Thread 0x00007ff4a8226000  477       4       java.util.regex.CharPredicates$$Lambda$23/0x0000000840067440::is (5 bytes)
Event: 0.923 Thread 0x00007ff4a8226000 nmethod 477 0x00007ff498497910 code [0x00007ff498497aa0, 0x00007ff498497b98]
Event: 0.933 Thread 0x00007ff450133000 nmethod 511 0x00007ff498497d10 code [0x00007ff4984980c0, 0x00007ff49849b080]

GC Heap History (8 events):
Event: 0.570 GC heap before
{Heap before GC invocations=0 (full 0):
 garbage-first heap   total 256000K, used 14972K [0x0000000708800000, 0x0000000800000000)
  region size 1024K, 14 young (14336K), 0 survivors (0K)
 Metaspace       used 2705K, capacity 4759K, committed 4864K, reserved 1056768K
  class space    used 253K, capacity 458K, committed 512K, reserved 1048576K
}
Event: 0.584 GC heap after
{Heap after GC invocations=1 (full 0):
 garbage-first heap   total 256000K, used 4633K [0x0000000708800000, 0x0000000800000000)
  region size 1024K, 2 young (2048K), 2 survivors (2048K)
 Metaspace       used 2705K, capacity 4759K, committed 4864K, reserved 1056768K
  class space    used 253K, capacity 458K, committed 512K, reserved 1048576K
}
Event: 0.642 GC heap before
{Heap before GC invocations=1 (full 0):
 garbage-first heap   total 256000K, used 19993K [0x0000000708800000, 0x0000000800000000)
  region size 1024K, 17 young (17408K), 2 survivors (2048K)
 Metaspace       used 2707K, capacity 4759K, committed 4864K, reserved 1056768K
  class space    used 253K, capacity 458K, committed 512K, reserved 1048576K
}
Event: 0.653 GC heap after
{Heap after GC invocations=2 (full 0):
 garbage-first heap   total 256000K, used 9852K [0x0000000708800000, 0x0000000800000000)
  region size 1024K, 3 young (3072K), 3 survivors (3072K)
 Metaspace       used 2707K, capacity 4759K, committed 4864K, reserved 1056768K
  class space    used 253K, capacity 458K, committed 512K, reserved 1048576K
}
Event: 0.710 GC heap before
{Heap before GC invocations=2 (full 0):
 garbage-first heap   total 256000K, used 27260K [0x0000000708800000, 0x0000000800000000)
  region size 1024K, 20 young (20480K), 3 survivors (3072K)
 Metaspace       used 2730K, capacity 4759K, committed 4864K, reserved 1056768K
  class space    used 253K, capacity 458K, committed 512K, reserved 1048576K
}
Event: 0.733 GC heap after
{Heap after GC invocations=3 (full 0):
 garbage-first heap   total 256000K, used 16349K [0x0000000708800000, 0x0000000800000000)
  region size 1024K, 3 young (3072K), 3 survivors (3072K)
 Metaspace       used 2730K, capacity 4759K, committed 4864K, reserved 1056768K
  class space    used 253K, capacity 458K, committed 512K, reserved 1048576K
}
Event: 0.792 GC heap before
{Heap before GC invocations=3 (full 0):
 garbage-first heap   total 256000K, used 35805K [0x0000000708800000, 0x0000000800000000)
  region size 1024K, 22 young (22528K), 3 survivors (3072K)
 Metaspace       used 2735K, capacity 4759K, committed 4864K, reserved 1056768K
  class space    used 253K, capacity 458K, committed 512K, reserved 1048576K
}
Event: 0.815 GC heap after
{Heap after GC invocations=4 (full 0):
 garbage-first heap   total 256000K, used 24466K [0x0000000708800000, 0x0000000800000000)
  region size 1024K, 3 young (3072K), 3 survivors (3072K)
 Metaspace       used 2735K, capacity 4759K, committed 4864K, reserved 1056768K
  class space    used 253K, capacity 458K, committed 512K, reserved 1048576K
}

Deoptimization events (8 events):
Event: 0.459 Thread 0x00007ff4a8014000 Uncommon trap: reason=unstable_if action=reinterpret pc=0x00007ff498460d84 method=java.lang.String.isLatin1()Z @ 10 c2
Event: 0.460 Thread 0x00007ff4a8014000 Uncommon trap: reason=unstable_if action=reinterpret pc=0x00007ff49845a58c method=java.lang.String.isLatin1()Z @ 10 c2
Event: 0.832 Thread 0x00007ff4a8014000 Uncommon trap: reason=unstable_if action=reinterpret pc=0x00007ff498472fe8 method=java.util.regex.Matcher.reset()Ljava/util/regex/Matcher; @ 47 c2
Event: 0.832 Thread 0x00007ff4a8014000 Uncommon trap: reason=class_check action=maybe_recompile pc=0x00007ff498477cc8 method=java.util.regex.Pattern$Start.match(Ljava/util/regex/Matcher;ILjava/lang/CharSequence;)Z @ 44 c2
Event: 0.832 Thread 0x00007ff4a8014000 Uncommon trap: reason=class_check action=maybe_recompile pc=0x00007ff498477cc8 method=java.util.regex.Pattern$Start.match(Ljava/util/regex/Matcher;ILjava/lang/CharSequence;)Z @ 44 c2
Event: 0.832 Thread 0x00007ff4a8014000 Uncommon trap: reason=class_check action=maybe_recompile pc=0x00007ff498477cc8 method=java.util.regex.Pattern$Start.match(Ljava/util/regex/Matcher;ILjava/lang/CharSequence;)Z @ 44 c2
Event: 0.832 Thread 0x00007ff4a8014000 Uncommon trap: reason=class_check action=maybe_recompile pc=0x00007ff498477cc8 method=java.util.regex.Pattern$Start.match(Ljava/util/regex/Matcher;ILjava/lang/CharSequence;)Z @ 44 c2
Event: 0.832 Thread 0x00007ff4a8014000 Uncommon trap: reason=class_check action=maybe_recompile pc=0x00007ff4984786d4 method=java.util.regex.Pattern$Start.match(Ljava/util/regex/Matcher;ILjava/lang/CharSequence;)Z @ 44 c2

Classes redefined (2 events):
Event: 65.789 Thread 0x00007ff4a8219800 redefined class name=AutoPlayer, count=1
Event: 269.867 Thread 0x00007ff4a8219800 redefined class name=AutoPlayer, count=2

Internal exceptions (1 events):
Event: 0.445 Thread 0x00007ff4a8014000 Exception <a 'java/lang/NoSuchMethodError'{0x0000000717cd05a8}: java.lang.invoke.DirectMethodHandle$Holder.invokeSpecialIFC(Ljava/lang/Object;Ljava/lang/Object;I)I> (0x0000000717cd05a8) thrown at [/build/openjdk-lts-g1AIz9/openjdk-lts-11~28/src/hotspot/sh

Events (10 events):
Event: 269.916 Executing VM operation: GetCurrentContendedMonitor done
Event: 269.917 Executing VM operation: GetOwnedMonitorInfo
Event: 269.917 Executing VM operation: GetOwnedMonitorInfo done
Event: 270.636 Executing VM operation: GetCurrentContendedMonitor
Event: 270.637 Executing VM operation: GetCurrentContendedMonitor done
Event: 270.637 Executing VM operation: GetOwnedMonitorInfo
Event: 270.637 Executing VM operation: GetOwnedMonitorInfo done
Event: 270.716 Executing VM operation: GetFrameLocation
Event: 270.716 Executing VM operation: GetFrameLocation done
Event: 270.716 Executing VM operation: GetOrSetLocal


Dynamic libraries:
708800000-718000000 rw-p 00000000 00:00 0 
718000000-7bfe00000 ---p 00000000 00:00 0 
7bfe00000-7bfe35000 rw-p 01129000 103:01 9044181                         /usr/lib/jvm/java-11-openjdk-amd64/lib/server/classes.jsa
7bfe35000-7bff00000 rw-p 00000000 00:00 0 
7bff00000-7bff6a000 rw-p 010bf000 103:01 9044181                         /usr/lib/jvm/java-11-openjdk-amd64/lib/server/classes.jsa
7bff6a000-7c0000000 rw-p 00000000 00:00 0 
7c0000000-800000000 ---p 00000000 00:00 0 
800000000-800002000 rwxp 00001000 103:01 9044181                         /usr/lib/jvm/java-11-openjdk-amd64/lib/server/classes.jsa
800002000-8010be000 rw-p 00003000 103:01 9044181                         /usr/lib/jvm/java-11-openjdk-amd64/lib/server/classes.jsa
840000000-840080000 rw-p 00000000 00:00 0 
840080000-880000000 ---p 00000000 00:00 0 
555b959bd000-555b959be000 r--p 00000000 103:01 8916279                   /usr/lib/jvm/java-11-openjdk-amd64/bin/java
555b959be000-555b959bf000 r-xp 00001000 103:01 8916279                   /usr/lib/jvm/java-11-openjdk-amd64/bin/java
555b959bf000-555b959c0000 r--p 00002000 103:01 8916279                   /usr/lib/jvm/java-11-openjdk-amd64/bin/java
555b959c0000-555b959c1000 r--p 00002000 103:01 8916279                   /usr/lib/jvm/java-11-openjdk-amd64/bin/java
555b959c1000-555b959c2000 rw-p 00003000 103:01 8916279                   /usr/lib/jvm/java-11-openjdk-amd64/bin/java
555b977a1000-555b977c2000 rw-p 00000000 00:00 0                          [heap]
7ff420000000-7ff420021000 rw-p 00000000 00:00 0 
7ff420021000-7ff424000000 ---p 00000000 00:00 0 
7ff424000000-7ff424021000 rw-p 00000000 00:00 0 
7ff424021000-7ff428000000 ---p 00000000 00:00 0 
7ff428000000-7ff428021000 rw-p 00000000 00:00 0 
7ff428021000-7ff42c000000 ---p 00000000 00:00 0 
7ff42c000000-7ff42c021000 rw-p 00000000 00:00 0 
7ff42c021000-7ff430000000 ---p 00000000 00:00 0 
7ff430000000-7ff43087e000 rw-p 00000000 00:00 0 
7ff43087e000-7ff434000000 ---p 00000000 00:00 0 
7ff434000000-7ff434021000 rw-p 00000000 00:00 0 
7ff434021000-7ff438000000 ---p 00000000 00:00 0 
7ff438000000-7ff438021000 rw-p 00000000 00:00 0 
7ff438021000-7ff43c000000 ---p 00000000 00:00 0 
7ff43c000000-7ff43c021000 rw-p 00000000 00:00 0 
7ff43c021000-7ff440000000 ---p 00000000 00:00 0 
7ff440000000-7ff440021000 rw-p 00000000 00:00 0 
7ff440021000-7ff444000000 ---p 00000000 00:00 0 
7ff444000000-7ff444021000 rw-p 00000000 00:00 0 
7ff444021000-7ff448000000 ---p 00000000 00:00 0 
7ff448000000-7ff448021000 rw-p 00000000 00:00 0 
7ff448021000-7ff44c000000 ---p 00000000 00:00 0 
7ff44c000000-7ff44c021000 rw-p 00000000 00:00 0 
7ff44c021000-7ff450000000 ---p 00000000 00:00 0 
7ff450000000-7ff4502c2000 rw-p 00000000 00:00 0 
7ff4502c2000-7ff454000000 ---p 00000000 00:00 0 
7ff454000000-7ff454021000 rw-p 00000000 00:00 0 
7ff454021000-7ff458000000 ---p 00000000 00:00 0 
7ff458000000-7ff458021000 rw-p 00000000 00:00 0 
7ff458021000-7ff45c000000 ---p 00000000 00:00 0 
7ff45c000000-7ff45c7bc000 rw-p 00000000 00:00 0 
7ff45c7bc000-7ff460000000 ---p 00000000 00:00 0 
7ff460000000-7ff460021000 rw-p 00000000 00:00 0 
7ff460021000-7ff464000000 ---p 00000000 00:00 0 
7ff464000000-7ff464021000 rw-p 00000000 00:00 0 
7ff464021000-7ff468000000 ---p 00000000 00:00 0 
7ff468000000-7ff468021000 rw-p 00000000 00:00 0 
7ff468021000-7ff46c000000 ---p 00000000 00:00 0 
7ff46c000000-7ff46c021000 rw-p 00000000 00:00 0 
7ff46c021000-7ff470000000 ---p 00000000 00:00 0 
7ff47257e000-7ff47257f000 ---p 00000000 00:00 0 
7ff47257f000-7ff472680000 rw-p 00000000 00:00 0 
7ff472680000-7ff472681000 ---p 00000000 00:00 0 
7ff472681000-7ff472782000 rw-p 00000000 00:00 0 
7ff472782000-7ff472783000 ---p 00000000 00:00 0 
7ff472783000-7ff472884000 rw-p 00000000 00:00 0 
7ff472884000-7ff472885000 ---p 00000000 00:00 0 
7ff472885000-7ff472986000 rw-p 00000000 00:00 0 
7ff472986000-7ff472987000 ---p 00000000 00:00 0 
7ff472987000-7ff472a88000 rw-p 00000000 00:00 0 
7ff472a88000-7ff472a8c000 ---p 00000000 00:00 0 
7ff472a8c000-7ff472b89000 rw-p 00000000 00:00 0 
7ff472b89000-7ff472b8a000 ---p 00000000 00:00 0 
7ff472b8a000-7ff472c8b000 rw-p 00000000 00:00 0 
7ff472c8b000-7ff472c8f000 ---p 00000000 00:00 0 
7ff472c8f000-7ff472d8c000 rw-p 00000000 00:00 0 
7ff472d8c000-7ff472d90000 ---p 00000000 00:00 0 
7ff472d90000-7ff472e8d000 rw-p 00000000 00:00 0 
7ff472e8d000-7ff472e91000 ---p 00000000 00:00 0 
7ff472e91000-7ff472f8e000 rw-p 00000000 00:00 0 
7ff472f8e000-7ff472f92000 ---p 00000000 00:00 0 
7ff472f92000-7ff47308f000 rw-p 00000000 00:00 0 
7ff47308f000-7ff473093000 ---p 00000000 00:00 0 
7ff473093000-7ff473190000 rw-p 00000000 00:00 0 
7ff473190000-7ff473194000 ---p 00000000 00:00 0 
7ff473194000-7ff473291000 rw-p 00000000 00:00 0 
7ff473291000-7ff473800000 r--p 00000000 103:01 8913027                   /usr/lib/locale/locale-archive
7ff473800000-7ff473c40000 rw-p 00000000 00:00 0 
7ff473c40000-7ff474000000 ---p 00000000 00:00 0 
7ff474000000-7ff474021000 rw-p 00000000 00:00 0 
7ff474021000-7ff478000000 ---p 00000000 00:00 0 
7ff478000000-7ff478021000 rw-p 00000000 00:00 0 
7ff478021000-7ff47c000000 ---p 00000000 00:00 0 
7ff47c000000-7ff47c021000 rw-p 00000000 00:00 0 
7ff47c021000-7ff480000000 ---p 00000000 00:00 0 
7ff480021000-7ff480025000 ---p 00000000 00:00 0 
7ff480025000-7ff480122000 rw-p 00000000 00:00 0 
7ff480122000-7ff480126000 ---p 00000000 00:00 0 
7ff480126000-7ff480223000 rw-p 00000000 00:00 0 
7ff480223000-7ff480227000 ---p 00000000 00:00 0 
7ff480227000-7ff480324000 rw-p 00000000 00:00 0 
7ff480324000-7ff480328000 ---p 00000000 00:00 0 
7ff480328000-7ff480425000 rw-p 00000000 00:00 0 
7ff480425000-7ff480429000 ---p 00000000 00:00 0 
7ff480429000-7ff480526000 rw-p 00000000 00:00 0 
7ff480526000-7ff480527000 ---p 00000000 00:00 0 
7ff480527000-7ff480704000 rw-p 00000000 00:00 0 
7ff480704000-7ff480705000 ---p 00000000 00:00 0 
7ff480705000-7ff480806000 rw-p 00000000 00:00 0 
7ff480806000-7ff480807000 ---p 00000000 00:00 0 
7ff480807000-7ff4830ec000 rw-p 00000000 00:00 0 
7ff4830ec000-7ff485ae4000 ---p 00000000 00:00 0 
7ff485ae4000-7ff485aec000 rw-p 00000000 00:00 0 
7ff485aec000-7ff486aec000 ---p 00000000 00:00 0 
7ff486aec000-7ff486ecc000 rw-p 00000000 00:00 0 
7ff486ecc000-7ff4898c4000 ---p 00000000 00:00 0 
7ff4898c4000-7ff4898cc000 rw-p 00000000 00:00 0 
7ff4898cc000-7ff48a8cc000 ---p 00000000 00:00 0 
7ff48a8cc000-7ff48a948000 rw-p 00000000 00:00 0 
7ff48a948000-7ff48ae87000 ---p 00000000 00:00 0 
7ff48ae87000-7ff48ae88000 rw-p 00000000 00:00 0 
7ff48ae88000-7ff48b088000 ---p 00000000 00:00 0 
7ff48b088000-7ff48b104000 rw-p 00000000 00:00 0 
7ff48b104000-7ff48b643000 ---p 00000000 00:00 0 
7ff48b643000-7ff48b644000 rw-p 00000000 00:00 0 
7ff48b644000-7ff48b844000 ---p 00000000 00:00 0 
7ff48b844000-7ff48b8c0000 rw-p 00000000 00:00 0 
7ff48b8c0000-7ff48bdff000 ---p 00000000 00:00 0 
7ff48bdff000-7ff48be00000 rw-p 00000000 00:00 0 
7ff48be00000-7ff48c000000 ---p 00000000 00:00 0 
7ff48c000000-7ff48c021000 rw-p 00000000 00:00 0 
7ff48c021000-7ff490000000 ---p 00000000 00:00 0 
7ff490010000-7ff490014000 r--p 00000000 103:01 9044017                   /usr/lib/jvm/java-11-openjdk-amd64/lib/libnet.so
7ff490014000-7ff490023000 r-xp 00004000 103:01 9044017                   /usr/lib/jvm/java-11-openjdk-amd64/lib/libnet.so
7ff490023000-7ff490027000 r--p 00013000 103:01 9044017                   /usr/lib/jvm/java-11-openjdk-amd64/lib/libnet.so
7ff490027000-7ff490028000 r--p 00016000 103:01 9044017                   /usr/lib/jvm/java-11-openjdk-amd64/lib/libnet.so
7ff490028000-7ff490029000 rw-p 00017000 103:01 9044017                   /usr/lib/jvm/java-11-openjdk-amd64/lib/libnet.so
7ff490029000-7ff49002a000 ---p 00000000 00:00 0 
7ff49002a000-7ff49012b000 rw-p 00000000 00:00 0 
7ff49012b000-7ff49012c000 ---p 00000000 00:00 0 
7ff49012c000-7ff4906b5000 rw-p 00000000 00:00 0 
7ff4906b5000-7ff4906b6000 ---p 00000000 00:00 0 
7ff4906b6000-7ff4907bc000 rw-p 00000000 00:00 0 
7ff4907bc000-7ff4908a2000 ---p 00000000 00:00 0 
7ff4908a2000-7ff4908a7000 rw-p 00000000 00:00 0 
7ff4908a7000-7ff49098d000 ---p 00000000 00:00 0 
7ff49098d000-7ff490bfd000 rwxp 00000000 00:00 0 
7ff490bfd000-7ff490f1d000 ---p 00000000 00:00 0 
7ff490f1d000-7ff49118d000 rwxp 00000000 00:00 0 
7ff49118d000-7ff498455000 ---p 00000000 00:00 0 
7ff498455000-7ff4986c5000 rwxp 00000000 00:00 0 
7ff4986c5000-7ff49f98d000 ---p 00000000 00:00 0 
7ff49f98d000-7ff4a8000000 r--s 00000000 103:01 9044031                   /usr/lib/jvm/java-11-openjdk-amd64/lib/modules
7ff4a8000000-7ff4a83c2000 rw-p 00000000 00:00 0 
7ff4a83c2000-7ff4ac000000 ---p 00000000 00:00 0 
7ff4ac015000-7ff4ac01c000 r--p 00000000 103:01 9044018                   /usr/lib/jvm/java-11-openjdk-amd64/lib/libnio.so
7ff4ac01c000-7ff4ac023000 r-xp 00007000 103:01 9044018                   /usr/lib/jvm/java-11-openjdk-amd64/lib/libnio.so
7ff4ac023000-7ff4ac026000 r--p 0000e000 103:01 9044018                   /usr/lib/jvm/java-11-openjdk-amd64/lib/libnio.so
7ff4ac026000-7ff4ac027000 r--p 00010000 103:01 9044018                   /usr/lib/jvm/java-11-openjdk-amd64/lib/libnio.so
7ff4ac027000-7ff4ac028000 rw-p 00011000 103:01 9044018                   /usr/lib/jvm/java-11-openjdk-amd64/lib/libnio.so
7ff4ac028000-7ff4ac029000 r--p 00000000 103:01 9043997                   /usr/lib/jvm/java-11-openjdk-amd64/lib/libdt_socket.so
7ff4ac029000-7ff4ac02c000 r-xp 00001000 103:01 9043997                   /usr/lib/jvm/java-11-openjdk-amd64/lib/libdt_socket.so
7ff4ac02c000-7ff4ac02d000 r--p 00004000 103:01 9043997                   /usr/lib/jvm/java-11-openjdk-amd64/lib/libdt_socket.so
7ff4ac02d000-7ff4ac02e000 r--p 00004000 103:01 9043997                   /usr/lib/jvm/java-11-openjdk-amd64/lib/libdt_socket.so
7ff4ac02e000-7ff4ac02f000 rw-p 00005000 103:01 9043997                   /usr/lib/jvm/java-11-openjdk-amd64/lib/libdt_socket.so
7ff4ac02f000-7ff4ac036000 r--s 00000000 103:01 9181655                   /usr/lib/x86_64-linux-gnu/gconv/gconv-modules.cache
7ff4ac036000-7ff4ac03b000 rw-p 00000000 00:00 0 
7ff4ac03b000-7ff4ac042000 ---p 00000000 00:00 0 
7ff4ac042000-7ff4ac044000 r--p 00000000 103:01 9044009                   /usr/lib/jvm/java-11-openjdk-amd64/lib/libjimage.so
7ff4ac044000-7ff4ac047000 r-xp 00002000 103:01 9044009                   /usr/lib/jvm/java-11-openjdk-amd64/lib/libjimage.so
7ff4ac047000-7ff4ac049000 r--p 00005000 103:01 9044009                   /usr/lib/jvm/java-11-openjdk-amd64/lib/libjimage.so
7ff4ac049000-7ff4ac04a000 r--p 00006000 103:01 9044009                   /usr/lib/jvm/java-11-openjdk-amd64/lib/libjimage.so
7ff4ac04a000-7ff4ac04b000 rw-p 00007000 103:01 9044009                   /usr/lib/jvm/java-11-openjdk-amd64/lib/libjimage.so
7ff4ac04b000-7ff4ac04e000 r--p 00000000 103:01 10490850                  /lib/x86_64-linux-gnu/libnss_files-2.28.so
7ff4ac04e000-7ff4ac055000 r-xp 00003000 103:01 10490850                  /lib/x86_64-linux-gnu/libnss_files-2.28.so
7ff4ac055000-7ff4ac058000 r--p 0000a000 103:01 10490850                  /lib/x86_64-linux-gnu/libnss_files-2.28.so
7ff4ac058000-7ff4ac059000 r--p 0000c000 103:01 10490850                  /lib/x86_64-linux-gnu/libnss_files-2.28.so
7ff4ac059000-7ff4ac05a000 rw-p 0000d000 103:01 10490850                  /lib/x86_64-linux-gnu/libnss_files-2.28.so
7ff4ac05a000-7ff4ac060000 rw-p 00000000 00:00 0 
7ff4ac060000-7ff4ac064000 r--p 00000000 103:01 10490847                  /lib/x86_64-linux-gnu/libnsl-2.28.so
7ff4ac064000-7ff4ac072000 r-xp 00004000 103:01 10490847                  /lib/x86_64-linux-gnu/libnsl-2.28.so
7ff4ac072000-7ff4ac077000 r--p 00012000 103:01 10490847                  /lib/x86_64-linux-gnu/libnsl-2.28.so
7ff4ac077000-7ff4ac078000 r--p 00016000 103:01 10490847                  /lib/x86_64-linux-gnu/libnsl-2.28.so
7ff4ac078000-7ff4ac079000 rw-p 00017000 103:01 10490847                  /lib/x86_64-linux-gnu/libnsl-2.28.so
7ff4ac079000-7ff4ac07b000 rw-p 00000000 00:00 0 
7ff4ac07b000-7ff4ac07d000 r--p 00000000 103:01 10490852                  /lib/x86_64-linux-gnu/libnss_nis-2.28.so
7ff4ac07d000-7ff4ac085000 r-xp 00002000 103:01 10490852                  /lib/x86_64-linux-gnu/libnss_nis-2.28.so
7ff4ac085000-7ff4ac087000 r--p 0000a000 103:01 10490852                  /lib/x86_64-linux-gnu/libnss_nis-2.28.so
7ff4ac087000-7ff4ac088000 r--p 0000b000 103:01 10490852                  /lib/x86_64-linux-gnu/libnss_nis-2.28.so
7ff4ac088000-7ff4ac089000 rw-p 0000c000 103:01 10490852                  /lib/x86_64-linux-gnu/libnss_nis-2.28.so
7ff4ac089000-7ff4ac08b000 r--p 00000000 103:01 10490848                  /lib/x86_64-linux-gnu/libnss_compat-2.28.so
7ff4ac08b000-7ff4ac091000 r-xp 00002000 103:01 10490848                  /lib/x86_64-linux-gnu/libnss_compat-2.28.so
7ff4ac091000-7ff4ac092000 r--p 00008000 103:01 10490848                  /lib/x86_64-linux-gnu/libnss_compat-2.28.so
7ff4ac092000-7ff4ac093000 r--p 00008000 103:01 10490848                  /lib/x86_64-linux-gnu/libnss_compat-2.28.so
7ff4ac093000-7ff4ac094000 rw-p 00009000 103:01 10490848                  /lib/x86_64-linux-gnu/libnss_compat-2.28.so
7ff4ac096000-7ff4ac098000 r--p 00000000 103:01 9044030                   /usr/lib/jvm/java-11-openjdk-amd64/lib/libzip.so
7ff4ac098000-7ff4ac09c000 r-xp 00002000 103:01 9044030                   /usr/lib/jvm/java-11-openjdk-amd64/lib/libzip.so
7ff4ac09c000-7ff4ac09e000 r--p 00006000 103:01 9044030                   /usr/lib/jvm/java-11-openjdk-amd64/lib/libzip.so
7ff4ac09e000-7ff4ac09f000 r--p 00007000 103:01 9044030                   /usr/lib/jvm/java-11-openjdk-amd64/lib/libzip.so
7ff4ac09f000-7ff4ac0a0000 rw-p 00008000 103:01 9044030                   /usr/lib/jvm/java-11-openjdk-amd64/lib/libzip.so
7ff4ac0a0000-7ff4ac0a8000 rw-s 00000000 103:01 14942270                  /tmp/hsperfdata_sutter/15322
7ff4ac0a8000-7ff4ac0aa000 r--p 00000000 103:01 9044000                   /usr/lib/jvm/java-11-openjdk-amd64/lib/libinstrument.so
7ff4ac0aa000-7ff4ac0b0000 r-xp 00002000 103:01 9044000                   /usr/lib/jvm/java-11-openjdk-amd64/lib/libinstrument.so
7ff4ac0b0000-7ff4ac0b3000 r--p 00008000 103:01 9044000                   /usr/lib/jvm/java-11-openjdk-amd64/lib/libinstrument.so
7ff4ac0b3000-7ff4ac0b4000 r--p 0000a000 103:01 9044000                   /usr/lib/jvm/java-11-openjdk-amd64/lib/libinstrument.so
7ff4ac0b4000-7ff4ac0b5000 rw-p 0000b000 103:01 9044000                   /usr/lib/jvm/java-11-openjdk-amd64/lib/libinstrument.so
7ff4ac0b5000-7ff4ac0b7000 r--p 00000000 103:01 9044008                   /usr/lib/jvm/java-11-openjdk-amd64/lib/libjdwp.so
7ff4ac0b7000-7ff4ac0e3000 r-xp 00002000 103:01 9044008                   /usr/lib/jvm/java-11-openjdk-amd64/lib/libjdwp.so
7ff4ac0e3000-7ff4ac0f1000 r--p 0002e000 103:01 9044008                   /usr/lib/jvm/java-11-openjdk-amd64/lib/libjdwp.so
7ff4ac0f1000-7ff4ac0f2000 r--p 0003b000 103:01 9044008                   /usr/lib/jvm/java-11-openjdk-amd64/lib/libjdwp.so
7ff4ac0f2000-7ff4ac0f3000 rw-p 0003c000 103:01 9044008                   /usr/lib/jvm/java-11-openjdk-amd64/lib/libjdwp.so
7ff4ac0f3000-7ff4ac100000 r--p 00000000 103:01 9044005                   /usr/lib/jvm/java-11-openjdk-amd64/lib/libjava.so
7ff4ac100000-7ff4ac117000 r-xp 0000d000 103:01 9044005                   /usr/lib/jvm/java-11-openjdk-amd64/lib/libjava.so
7ff4ac117000-7ff4ac11e000 r--p 00024000 103:01 9044005                   /usr/lib/jvm/java-11-openjdk-amd64/lib/libjava.so
7ff4ac11e000-7ff4ac11f000 r--p 0002a000 103:01 9044005                   /usr/lib/jvm/java-11-openjdk-amd64/lib/libjava.so
7ff4ac11f000-7ff4ac121000 rw-p 0002b000 103:01 9044005                   /usr/lib/jvm/java-11-openjdk-amd64/lib/libjava.so
7ff4ac121000-7ff4ac123000 r--p 00000000 103:01 10490859                  /lib/x86_64-linux-gnu/librt-2.28.so
7ff4ac123000-7ff4ac127000 r-xp 00002000 103:01 10490859                  /lib/x86_64-linux-gnu/librt-2.28.so
7ff4ac127000-7ff4ac129000 r--p 00006000 103:01 10490859                  /lib/x86_64-linux-gnu/librt-2.28.so
7ff4ac129000-7ff4ac12a000 r--p 00007000 103:01 10490859                  /lib/x86_64-linux-gnu/librt-2.28.so
7ff4ac12a000-7ff4ac12b000 rw-p 00008000 103:01 10490859                  /lib/x86_64-linux-gnu/librt-2.28.so
7ff4ac12b000-7ff4ac12f000 ---p 00000000 00:00 0 
7ff4ac12f000-7ff4ac22c000 rw-p 00000000 00:00 0 
7ff4ac22c000-7ff4ac22f000 r--p 00000000 103:01 10485804                  /lib/x86_64-linux-gnu/libgcc_s.so.1
7ff4ac22f000-7ff4ac240000 r-xp 00003000 103:01 10485804                  /lib/x86_64-linux-gnu/libgcc_s.so.1
7ff4ac240000-7ff4ac243000 r--p 00014000 103:01 10485804                  /lib/x86_64-linux-gnu/libgcc_s.so.1
7ff4ac243000-7ff4ac244000 ---p 00017000 103:01 10485804                  /lib/x86_64-linux-gnu/libgcc_s.so.1
7ff4ac244000-7ff4ac245000 r--p 00017000 103:01 10485804                  /lib/x86_64-linux-gnu/libgcc_s.so.1
7ff4ac245000-7ff4ac246000 rw-p 00018000 103:01 10485804                  /lib/x86_64-linux-gnu/libgcc_s.so.1
7ff4ac246000-7ff4ac253000 r--p 00000000 103:01 10490844                  /lib/x86_64-linux-gnu/libm-2.28.so
7ff4ac253000-7ff4ac2fe000 r-xp 0000d000 103:01 10490844                  /lib/x86_64-linux-gnu/libm-2.28.so
7ff4ac2fe000-7ff4ac3d1000 r--p 000b8000 103:01 10490844                  /lib/x86_64-linux-gnu/libm-2.28.so
7ff4ac3d1000-7ff4ac3d2000 r--p 0018a000 103:01 10490844                  /lib/x86_64-linux-gnu/libm-2.28.so
7ff4ac3d2000-7ff4ac3d3000 rw-p 0018b000 103:01 10490844                  /lib/x86_64-linux-gnu/libm-2.28.so
7ff4ac3d3000-7ff4ac45c000 r--p 00000000 103:01 8913111                   /usr/lib/x86_64-linux-gnu/libstdc++.so.6.0.25
7ff4ac45c000-7ff4ac50f000 r-xp 00089000 103:01 8913111                   /usr/lib/x86_64-linux-gnu/libstdc++.so.6.0.25
7ff4ac50f000-7ff4ac54d000 r--p 0013c000 103:01 8913111                   /usr/lib/x86_64-linux-gnu/libstdc++.so.6.0.25
7ff4ac54d000-7ff4ac557000 r--p 00179000 103:01 8913111                   /usr/lib/x86_64-linux-gnu/libstdc++.so.6.0.25
7ff4ac557000-7ff4ac559000 rw-p 00183000 103:01 8913111                   /usr/lib/x86_64-linux-gnu/libstdc++.so.6.0.25
7ff4ac559000-7ff4ac55d000 rw-p 00000000 00:00 0 
7ff4ac55d000-7ff4ac7ea000 r--p 00000000 103:01 9044036                   /usr/lib/jvm/java-11-openjdk-amd64/lib/server/libjvm.so
7ff4ac7ea000-7ff4ad32c000 r-xp 0028d000 103:01 9044036                   /usr/lib/jvm/java-11-openjdk-amd64/lib/server/libjvm.so
7ff4ad32c000-7ff4ad573000 r--p 00dcf000 103:01 9044036                   /usr/lib/jvm/java-11-openjdk-amd64/lib/server/libjvm.so
7ff4ad573000-7ff4ad63b000 r--p 01015000 103:01 9044036                   /usr/lib/jvm/java-11-openjdk-amd64/lib/server/libjvm.so
7ff4ad63b000-7ff4ad675000 rw-p 010dd000 103:01 9044036                   /usr/lib/jvm/java-11-openjdk-amd64/lib/server/libjvm.so
7ff4ad675000-7ff4ad6cc000 rw-p 00000000 00:00 0 
7ff4ad6cc000-7ff4ad6d2000 r--p 00000000 103:01 10490857                  /lib/x86_64-linux-gnu/libpthread-2.28.so
7ff4ad6d2000-7ff4ad6e1000 r-xp 00006000 103:01 10490857                  /lib/x86_64-linux-gnu/libpthread-2.28.so
7ff4ad6e1000-7ff4ad6e7000 r--p 00015000 103:01 10490857                  /lib/x86_64-linux-gnu/libpthread-2.28.so
7ff4ad6e7000-7ff4ad6e8000 r--p 0001a000 103:01 10490857                  /lib/x86_64-linux-gnu/libpthread-2.28.so
7ff4ad6e8000-7ff4ad6e9000 rw-p 0001b000 103:01 10490857                  /lib/x86_64-linux-gnu/libpthread-2.28.so
7ff4ad6e9000-7ff4ad6ed000 rw-p 00000000 00:00 0 
7ff4ad6ed000-7ff4ad6ee000 r--p 00000000 103:01 10490843                  /lib/x86_64-linux-gnu/libdl-2.28.so
7ff4ad6ee000-7ff4ad6f0000 r-xp 00001000 103:01 10490843                  /lib/x86_64-linux-gnu/libdl-2.28.so
7ff4ad6f0000-7ff4ad6f1000 r--p 00003000 103:01 10490843                  /lib/x86_64-linux-gnu/libdl-2.28.so
7ff4ad6f1000-7ff4ad6f2000 r--p 00003000 103:01 10490843                  /lib/x86_64-linux-gnu/libdl-2.28.so
7ff4ad6f2000-7ff4ad6f3000 rw-p 00004000 103:01 10490843                  /lib/x86_64-linux-gnu/libdl-2.28.so
7ff4ad6f3000-7ff4ad70f000 r-xp 00000000 103:01 10490698                  /lib/x86_64-linux-gnu/libz.so.1.2.11
7ff4ad70f000-7ff4ad90e000 ---p 0001c000 103:01 10490698                  /lib/x86_64-linux-gnu/libz.so.1.2.11
7ff4ad90e000-7ff4ad90f000 r--p 0001b000 103:01 10490698                  /lib/x86_64-linux-gnu/libz.so.1.2.11
7ff4ad90f000-7ff4ad910000 rw-p 0001c000 103:01 10490698                  /lib/x86_64-linux-gnu/libz.so.1.2.11
7ff4ad910000-7ff4ad932000 r--p 00000000 103:01 10490841                  /lib/x86_64-linux-gnu/libc-2.28.so
7ff4ad932000-7ff4adaa3000 r-xp 00022000 103:01 10490841                  /lib/x86_64-linux-gnu/libc-2.28.so
7ff4adaa3000-7ff4adaef000 r--p 00193000 103:01 10490841                  /lib/x86_64-linux-gnu/libc-2.28.so
7ff4adaef000-7ff4adaf0000 ---p 001df000 103:01 10490841                  /lib/x86_64-linux-gnu/libc-2.28.so
7ff4adaf0000-7ff4adaf4000 r--p 001df000 103:01 10490841                  /lib/x86_64-linux-gnu/libc-2.28.so
7ff4adaf4000-7ff4adaf6000 rw-p 001e3000 103:01 10490841                  /lib/x86_64-linux-gnu/libc-2.28.so
7ff4adaf6000-7ff4adafa000 rw-p 00000000 00:00 0 
7ff4adafb000-7ff4adafc000 ---p 00000000 00:00 0 
7ff4adafc000-7ff4adafd000 r--p 00000000 00:00 0 
7ff4adafd000-7ff4adb02000 r--p 00000000 103:01 9044029                   /usr/lib/jvm/java-11-openjdk-amd64/lib/libverify.so
7ff4adb02000-7ff4adb09000 r-xp 00005000 103:01 9044029                   /usr/lib/jvm/java-11-openjdk-amd64/lib/libverify.so
7ff4adb09000-7ff4adb0b000 r--p 0000c000 103:01 9044029                   /usr/lib/jvm/java-11-openjdk-amd64/lib/libverify.so
7ff4adb0b000-7ff4adb0d000 r--p 0000d000 103:01 9044029                   /usr/lib/jvm/java-11-openjdk-amd64/lib/libverify.so
7ff4adb0d000-7ff4adb0e000 rw-p 0000f000 103:01 9044029                   /usr/lib/jvm/java-11-openjdk-amd64/lib/libverify.so
7ff4adb0e000-7ff4adb11000 r--p 00000000 103:01 9043990                   /usr/lib/jvm/java-11-openjdk-amd64/lib/jli/libjli.so
7ff4adb11000-7ff4adb1b000 r-xp 00003000 103:01 9043990                   /usr/lib/jvm/java-11-openjdk-amd64/lib/jli/libjli.so
7ff4adb1b000-7ff4adb1e000 r--p 0000d000 103:01 9043990                   /usr/lib/jvm/java-11-openjdk-amd64/lib/jli/libjli.so
7ff4adb1e000-7ff4adb1f000 r--p 0000f000 103:01 9043990                   /usr/lib/jvm/java-11-openjdk-amd64/lib/jli/libjli.so
7ff4adb1f000-7ff4adb20000 rw-p 00010000 103:01 9043990                   /usr/lib/jvm/java-11-openjdk-amd64/lib/jli/libjli.so
7ff4adb20000-7ff4adb22000 rw-p 00000000 00:00 0 
7ff4adb22000-7ff4adb23000 r--p 00000000 103:01 10490837                  /lib/x86_64-linux-gnu/ld-2.28.so
7ff4adb23000-7ff4adb43000 r-xp 00001000 103:01 10490837                  /lib/x86_64-linux-gnu/ld-2.28.so
7ff4adb43000-7ff4adb4b000 r--p 00021000 103:01 10490837                  /lib/x86_64-linux-gnu/ld-2.28.so
7ff4adb4b000-7ff4adb4c000 r--p 00028000 103:01 10490837                  /lib/x86_64-linux-gnu/ld-2.28.so
7ff4adb4c000-7ff4adb4d000 rw-p 00029000 103:01 10490837                  /lib/x86_64-linux-gnu/ld-2.28.so
7ff4adb4d000-7ff4adb4e000 rw-p 00000000 00:00 0 
7ffc8a07a000-7ffc8a09c000 rw-p 00000000 00:00 0                          [stack]
7ffc8a1b0000-7ffc8a1b3000 r--p 00000000 00:00 0                          [vvar]
7ffc8a1b3000-7ffc8a1b5000 r-xp 00000000 00:00 0                          [vdso]
ffffffffff600000-ffffffffff601000 r-xp 00000000 00:00 0                  [vsyscall]


VM Arguments:
jvm_args: -agentlib:jdwp=transport=dt_socket,suspend=y,address=localhost:44141 -javaagent:/home/sutter/.eclipse/360744347_linux_gtk_x86_64/configuration/org.eclipse.osgi/232/0/.cp/lib/javaagent-shaded.jar -Dfile.encoding=UTF-8 
java_command: TestAutoPlayer
java_class_path (initial): /home/sutter/Documents/CSC 221/Homework 6/bin
Launcher Type: SUN_STANDARD

[Global flags]
     intx CICompilerCount                          = 3                                         {product} {ergonomic}
     uint ConcGCThreads                            = 1                                         {product} {ergonomic}
     uint G1ConcRefinementThreads                  = 4                                         {product} {ergonomic}
   size_t G1HeapRegionSize                         = 1048576                                   {product} {ergonomic}
    uintx GCDrainStackTargetSize                   = 64                                        {product} {ergonomic}
   size_t InitialHeapSize                          = 260046848                                 {product} {ergonomic}
   size_t MarkStackSize                            = 4194304                                   {product} {ergonomic}
   size_t MaxHeapSize                              = 4152360960                                {product} {ergonomic}
   size_t MaxNewSize                               = 2491416576                                {product} {ergonomic}
   size_t MinHeapDeltaBytes                        = 1048576                                   {product} {ergonomic}
    uintx NonNMethodCodeHeapSize                   = 5830092                                {pd product} {ergonomic}
    uintx NonProfiledCodeHeapSize                  = 122914074                              {pd product} {ergonomic}
    uintx ProfiledCodeHeapSize                     = 122914074                              {pd product} {ergonomic}
    uintx ReservedCodeCacheSize                    = 251658240                              {pd product} {ergonomic}
     bool SegmentedCodeCache                       = true                                      {product} {ergonomic}
     bool UseCompressedClassPointers               = true                                 {lp64_product} {ergonomic}
     bool UseCompressedOops                        = true                                 {lp64_product} {ergonomic}
     bool UseG1GC                                  = true                                      {product} {ergonomic}

Logging:
Log output configuration:
 #0: stdout all=warning uptime,level,tags
 #1: stderr all=off uptime,level,tags

Environment Variables:
PATH=/usr/local/sbin:/usr/local/bin:/usr/sbin:/usr/bin:/sbin:/bin:/usr/games:/usr/local/games:/snap/bin
USERNAME=sutter
SHELL=/bin/bash
DISPLAY=:0

Signal Handlers:
SIGSEGV: [libjvm.so+0xd54f20], sa_mask[0]=11111111011111111101111111111110, sa_flags=SA_RESTART|SA_SIGINFO
SIGBUS: [libjvm.so+0xd54f20], sa_mask[0]=11111111011111111101111111111110, sa_flags=SA_RESTART|SA_SIGINFO
SIGFPE: [libjvm.so+0xd54f20], sa_mask[0]=11111111011111111101111111111110, sa_flags=SA_RESTART|SA_SIGINFO
SIGPIPE: [libjvm.so+0xb5d050], sa_mask[0]=11111111011111111101111111111110, sa_flags=SA_RESTART|SA_SIGINFO
SIGXFSZ: [libjvm.so+0xb5d050], sa_mask[0]=11111111011111111101111111111110, sa_flags=SA_RESTART|SA_SIGINFO
SIGILL: [libjvm.so+0xd54f20], sa_mask[0]=11111111011111111101111111111110, sa_flags=SA_RESTART|SA_SIGINFO
SIGUSR2: [libjvm.so+0xb5cee0], sa_mask[0]=00100000000000000000000000000000, sa_flags=SA_RESTART|SA_SIGINFO
SIGHUP: [libjvm.so+0xb5d450], sa_mask[0]=11111111011111111101111111111110, sa_flags=SA_RESTART|SA_SIGINFO
SIGINT: [libjvm.so+0xb5d450], sa_mask[0]=11111111011111111101111111111110, sa_flags=SA_RESTART|SA_SIGINFO
SIGTERM: [libjvm.so+0xb5d450], sa_mask[0]=11111111011111111101111111111110, sa_flags=SA_RESTART|SA_SIGINFO
SIGQUIT: [libjvm.so+0xb5d450], sa_mask[0]=11111111011111111101111111111110, sa_flags=SA_RESTART|SA_SIGINFO


---------------  S Y S T E M  ---------------

OS:DISTRIB_ID=Ubuntu
DISTRIB_RELEASE=18.10
DISTRIB_CODENAME=cosmic
DISTRIB_DESCRIPTION="Ubuntu 18.10"
uname:Linux 4.18.0-10-generic #11-Ubuntu SMP Thu Oct 11 15:13:55 UTC 2018 x86_64
libc:glibc 2.28 NPTL 2.28 
rlimit: STACK 8192k, CORE 0k, NPROC 63181, NOFILE 4096, AS infinity, DATA infinity, FSIZE infinity
load average:1.55 1.76 1.73

/proc/meminfo:
MemTotal:       16219520 kB
MemFree:        10530036 kB
MemAvailable:   11688292 kB
Buffers:          219620 kB
Cached:          2198144 kB
SwapCached:            0 kB
Active:          3714176 kB
Inactive:        1591520 kB
Active(anon):    2889752 kB
Inactive(anon):  1074780 kB
Active(file):     824424 kB
Inactive(file):   516740 kB
Unevictable:          32 kB
Mlocked:              32 kB
SwapTotal:       2097148 kB
SwapFree:        2097148 kB
Dirty:              1636 kB
Writeback:             0 kB
AnonPages:       2887976 kB
Mapped:           813864 kB
Shmem:           1076604 kB
Slab:             256380 kB
SReclaimable:     152588 kB
SUnreclaim:       103792 kB
KernelStack:       15976 kB
PageTables:        30120 kB
NFS_Unstable:          0 kB
Bounce:                0 kB
WritebackTmp:          0 kB
CommitLimit:    10206908 kB
Committed_AS:    9887148 kB
VmallocTotal:   34359738367 kB
VmallocUsed:           0 kB
VmallocChunk:          0 kB
HardwareCorrupted:     0 kB
AnonHugePages:         0 kB
ShmemHugePages:        0 kB
ShmemPmdMapped:        0 kB
CmaTotal:              0 kB
CmaFree:               0 kB
HugePages_Total:       0
HugePages_Free:        0
HugePages_Rsvd:        0
HugePages_Surp:        0
Hugepagesize:       2048 kB
Hugetlb:               0 kB
DirectMap4k:      231904 kB
DirectMap2M:     6899712 kB
DirectMap1G:     9437184 kB


/proc/sys/kernel/threads-max (system-wide limit on the number of threads):
126363


/proc/sys/vm/max_map_count (maximum number of memory map areas a process may have):
65530


/proc/sys/kernel/pid_max (system-wide limit on number of process identifiers):
32768


container (cgroup) information:
container_type: cgroupv1
cpu_cpuset_cpus: 0-3
cpu_memory_nodes: 0
active_processor_count: 4
cpu_quota: -1
cpu_period: 100000
cpu_shares: -1
memory_limit_in_bytes: -1
memory_and_swap_limit_in_bytes: -2
memory_soft_limit_in_bytes: -1
memory_usage_in_bytes: 1815642112
memory_max_usage_in_bytes: 1815707648


CPU:total 4 (initial active 4) (2 cores per cpu, 2 threads per core) family 6 model 78 stepping 3, cmov, cx8, fxsr, mmx, sse, sse2, sse3, ssse3, sse4.1, sse4.2, popcnt, avx, avx2, aes, clmul, erms, rtm, 3dnowpref, lzcnt, ht, tsc, tscinvbit, bmi1, bmi2, adx, fma
CPU Model and flags from /proc/cpuinfo:
model name	: Intel(R) Core(TM) m7-6Y75 CPU @ 1.20GHz
flags		: fpu vme de pse tsc msr pae mce cx8 apic sep mtrr pge mca cmov pat pse36 clflush dts acpi mmx fxsr sse sse2 ss ht tm pbe syscall nx pdpe1gb rdtscp lm constant_tsc art arch_perfmon pebs bts rep_good nopl xtopology nonstop_tsc cpuid aperfmperf tsc_known_freq pni pclmulqdq dtes64 monitor ds_cpl vmx smx est tm2 ssse3 sdbg fma cx16 xtpr pdcm pcid sse4_1 sse4_2 x2apic movbe popcnt tsc_deadline_timer aes xsave avx f16c rdrand lahf_lm abm 3dnowprefetch cpuid_fault epb invpcid_single pti ssbd ibrs ibpb stibp tpr_shadow vnmi flexpriority ept vpid fsgsbase tsc_adjust bmi1 hle avx2 smep bmi2 erms invpcid rtm mpx rdseed adx smap clflushopt intel_pt xsaveopt xsavec xgetbv1 xsaves dtherm ida arat pln pts hwp hwp_notify hwp_act_window hwp_epp flush_l1d

Memory: 4k page, physical 16219520k(10530036k free), swap 2097148k(2097148k free)

vm_info: OpenJDK 64-Bit Server VM (11+28-Ubuntu-3ubuntu2) for linux-amd64 JRE (11+28-Ubuntu-3ubuntu2), built on Oct 10 2018 19:10:01 by "buildd" with gcc 8.2.0

END.
